I, [2016-08-24T17:57:35.332435 #84258]  INFO -- : Execute - Navigate to URL https://www.baidu.com - success.
I, [2016-08-24T17:57:35.588393 #84261]  INFO -- : Execute - Navigate to URL https://www.baidu.com - success.
I, [2016-08-24T17:57:35.845968 #84259]  INFO -- : Execute - Navigate to URL https://www.baidu.com - success.
I, [2016-08-24T17:57:36.100016 #84260]  INFO -- : Execute - Navigate to URL https://www.baidu.com - success.
E, [2016-08-24T17:57:36.840104 #84258] ERROR -- : failed case testing!
E, [2016-08-24T17:57:37.020350 #84261] ERROR -- : failed case testing!
E, [2016-08-24T17:57:37.265659 #84259] ERROR -- : failed case testing!
E, [2016-08-24T17:57:37.592658 #84260] ERROR -- : failed case testing!
I, [2016-08-24T17:57:37.635334 #84258]  INFO -- : [navigate to baidu] - [Failed], write result to >> /Users/frankwu/Desktop/cr_1234_20160824175737_navigate to baidu.xml
I, [2016-08-24T17:57:37.635451 #84258]  INFO -- : ##################################################################
I, [2016-08-24T17:57:37.635558 #84258]  INFO -- : [2016-08-24 17:57:36] -- https://www.baidu.com/
failed case testing!
 -- failed case testing!
26----->        $logger.error message
27----->        $errormessage=$errormessage &lt;&lt;timestamp&lt;&lt;  -- #{current_url}#{message}\n 
28----->        raise message
29----->        false
30----->      end
/Users/frankwu/Documents/workspace/ironhide-rubytest/common/utilities/common.rb:28:in `logger_error'
./sample/sample_web/action1.rb:25:in `block in action1'
I, [2016-08-24T17:57:37.635604 #84258]  INFO -- : ##################################################################
I, [2016-08-24T17:57:37.756629 #84261]  INFO -- : [navigate to baidu] - [Failed], write result to >> /Users/frankwu/Desktop/cr_1234_20160824175737_navigate to baidu.xml
I, [2016-08-24T17:57:37.756687 #84261]  INFO -- : ##################################################################
I, [2016-08-24T17:57:37.756707 #84261]  INFO -- : [2016-08-24 17:57:37] -- https://www.baidu.com/
failed case testing!
 -- failed case testing!
26----->        $logger.error message
27----->        $errormessage=$errormessage &lt;&lt;timestamp&lt;&lt;  -- #{current_url}#{message}\n 
28----->        raise message
29----->        false
30----->      end
/Users/frankwu/Documents/workspace/ironhide-rubytest/common/utilities/common.rb:28:in `logger_error'
./sample/sample_web1/action1.rb:25:in `block in action1'
I, [2016-08-24T17:57:37.756723 #84261]  INFO -- : ##################################################################
I, [2016-08-24T17:57:37.933340 #84259]  INFO -- : [navigate to baidu] - [Failed], write result to >> /Users/frankwu/Desktop/cr_1234_20160824175737_navigate to baidu.xml
I, [2016-08-24T17:57:37.933458 #84259]  INFO -- : ##################################################################
I, [2016-08-24T17:57:37.933494 #84259]  INFO -- : [2016-08-24 17:57:37] -- https://www.baidu.com/
failed case testing!
 -- failed case testing!
26----->        $logger.error message
27----->        $errormessage=$errormessage &lt;&lt;timestamp&lt;&lt;  -- #{current_url}#{message}\n 
28----->        raise message
29----->        false
30----->      end
/Users/frankwu/Documents/workspace/ironhide-rubytest/common/utilities/common.rb:28:in `logger_error'
./sample/sample_web1/action1.rb:25:in `block in action1'
I, [2016-08-24T17:57:37.933525 #84259]  INFO -- : ##################################################################
I, [2016-08-24T17:57:38.141497 #84260]  INFO -- : [navigate to baidu] - [Failed], write result to >> /Users/frankwu/Desktop/cr_1234_20160824175738_navigate to baidu.xml
I, [2016-08-24T17:57:38.141571 #84260]  INFO -- : ##################################################################
I, [2016-08-24T17:57:38.141597 #84260]  INFO -- : [2016-08-24 17:57:37] -- https://www.baidu.com/
failed case testing!
 -- failed case testing!
26----->        $logger.error message
27----->        $errormessage=$errormessage &lt;&lt;timestamp&lt;&lt;  -- #{current_url}#{message}\n 
28----->        raise message
29----->        false
30----->      end
/Users/frankwu/Documents/workspace/ironhide-rubytest/common/utilities/common.rb:28:in `logger_error'
./sample/sample_web/action1.rb:25:in `block in action1'
I, [2016-08-24T17:57:38.141635 #84260]  INFO -- : ##################################################################
I, [2016-08-24T17:57:41.083504 #84258]  INFO -- : [input text and search] - [Passed], write result to >> /Users/frankwu/Desktop/cr_1234_20160824175741_input text and search.xml
I, [2016-08-24T17:57:41.249031 #84258]  INFO -- : write script state for [sample_web] to >> /Users/frankwu/Desktop/sr_1234_20160824175741.xml
I, [2016-08-24T17:57:41.251607 #84261]  INFO -- : [input text and search] - [Passed], write result to >> /Users/frankwu/Desktop/cr_1234_20160824175741_input text and search.xml
I, [2016-08-24T17:57:41.396955 #84259]  INFO -- : [input text and search] - [Passed], write result to >> /Users/frankwu/Desktop/cr_1234_20160824175741_input text and search.xml
I, [2016-08-24T17:57:41.418278 #84261]  INFO -- : write script state for [sample_web1] to >> /Users/frankwu/Desktop/sr_1234_20160824175741.xml
I, [2016-08-24T17:57:41.503480 #84260]  INFO -- : [input text and search] - [Passed], write result to >> /Users/frankwu/Desktop/cr_1234_20160824175741_input text and search.xml
I, [2016-08-24T17:57:41.568234 #84259]  INFO -- : write script state for [sample_web1] to >> /Users/frankwu/Desktop/sr_1234_20160824175741.xml
I, [2016-08-24T17:57:41.688889 #84260]  INFO -- : write script state for [sample_web] to >> /Users/frankwu/Desktop/sr_1234_20160824175741.xml
I, [2016-08-24T18:00:45.001707 #84334]  INFO -- : Execute - Navigate to URL https://www.baidu.com - success.
I, [2016-08-24T18:00:45.286167 #84333]  INFO -- : Execute - Navigate to URL https://www.baidu.com - success.
I, [2016-08-24T18:00:45.736028 #84332]  INFO -- : Execute - Navigate to URL https://www.baidu.com - success.
I, [2016-08-24T18:00:46.009420 #84335]  INFO -- : Execute - Navigate to URL https://www.baidu.com - success.
E, [2016-08-24T18:00:46.474836 #84334] ERROR -- : failed case testing!
E, [2016-08-24T18:00:46.801183 #84333] ERROR -- : failed case testing!
I, [2016-08-24T18:00:47.119762 #84334]  INFO -- : [navigate to baidu] - [Failed], write result to >> /Users/frankwu/Desktop/cr_1234_20160824180047_navigate to baidu.xml
I, [2016-08-24T18:00:47.120058 #84334]  INFO -- : ##################################################################
I, [2016-08-24T18:00:47.120120 #84334]  INFO -- : [2016-08-24 18:00:46] -- https://www.baidu.com/
failed case testing!
 -- failed case testing!
26----->        $logger.error message
27----->        $errormessage=$errormessage &lt;&lt;timestamp&lt;&lt;  -- #{current_url}#{message}\n 
28----->        raise message
29----->        false
30----->      end
/Users/frankwu/Documents/workspace/ironhide-rubytest/common/utilities/common.rb:28:in `logger_error'
./sample/sample_web/action1.rb:25:in `block in action1'
I, [2016-08-24T18:00:47.120167 #84334]  INFO -- : ##################################################################
E, [2016-08-24T18:00:47.217960 #84332] ERROR -- : failed case testing!
I, [2016-08-24T18:00:47.408334 #84333]  INFO -- : [navigate to baidu] - [Failed], write result to >> /Users/frankwu/Desktop/cr_1234_20160824180047_navigate to baidu.xml
I, [2016-08-24T18:00:47.408459 #84333]  INFO -- : ##################################################################
I, [2016-08-24T18:00:47.408482 #84333]  INFO -- : [2016-08-24 18:00:46] -- https://www.baidu.com/
failed case testing!
 -- failed case testing!
26----->        $logger.error message
27----->        $errormessage=$errormessage &lt;&lt;timestamp&lt;&lt;  -- #{current_url}#{message}\n 
28----->        raise message
29----->        false
30----->      end
/Users/frankwu/Documents/workspace/ironhide-rubytest/common/utilities/common.rb:28:in `logger_error'
./sample/sample_web1/action1.rb:25:in `block in action1'
I, [2016-08-24T18:00:47.408499 #84333]  INFO -- : ##################################################################
E, [2016-08-24T18:00:47.415552 #84335] ERROR -- : failed case testing!
I, [2016-08-24T18:00:47.800765 #84332]  INFO -- : [navigate to baidu] - [Failed], write result to >> /Users/frankwu/Desktop/cr_1234_20160824180047_navigate to baidu.xml
I, [2016-08-24T18:00:47.800818 #84332]  INFO -- : ##################################################################
I, [2016-08-24T18:00:47.800835 #84332]  INFO -- : [2016-08-24 18:00:47] -- https://www.baidu.com/
failed case testing!
 -- failed case testing!
26----->        $logger.error message
27----->        $errormessage=$errormessage &lt;&lt;timestamp&lt;&lt;  -- #{current_url}#{message}\n 
28----->        raise message
29----->        false
30----->      end
/Users/frankwu/Documents/workspace/ironhide-rubytest/common/utilities/common.rb:28:in `logger_error'
./sample/sample_web/action1.rb:25:in `block in action1'
I, [2016-08-24T18:00:47.800853 #84332]  INFO -- : ##################################################################
I, [2016-08-24T18:00:47.932397 #84335]  INFO -- : [navigate to baidu] - [Failed], write result to >> /Users/frankwu/Desktop/cr_1234_20160824180047_navigate to baidu.xml
I, [2016-08-24T18:00:47.932450 #84335]  INFO -- : ##################################################################
I, [2016-08-24T18:00:47.932478 #84335]  INFO -- : [2016-08-24 18:00:47] -- https://www.baidu.com/
failed case testing!
 -- failed case testing!
26----->        $logger.error message
27----->        $errormessage=$errormessage &lt;&lt;timestamp&lt;&lt;  -- #{current_url}#{message}\n 
28----->        raise message
29----->        false
30----->      end
/Users/frankwu/Documents/workspace/ironhide-rubytest/common/utilities/common.rb:28:in `logger_error'
./sample/sample_web1/action1.rb:25:in `block in action1'
I, [2016-08-24T18:00:47.932492 #84335]  INFO -- : ##################################################################
I, [2016-08-24T18:00:50.571999 #84334]  INFO -- : [input text and search] - [Passed], write result to >> /Users/frankwu/Desktop/cr_1234_20160824180050_input text and search.xml
I, [2016-08-24T18:00:50.736301 #84334]  INFO -- : write script state for [sample_web] to >> /Users/frankwu/Desktop/sr_1234_20160824180050_sample_web.xml
I, [2016-08-24T18:00:50.808762 #84333]  INFO -- : [input text and search] - [Passed], write result to >> /Users/frankwu/Desktop/cr_1234_20160824180050_input text and search.xml
I, [2016-08-24T18:00:50.971703 #84333]  INFO -- : write script state for [sample_web1] to >> /Users/frankwu/Desktop/sr_1234_20160824180050_sample_web1.xml
I, [2016-08-24T18:00:51.089420 #84332]  INFO -- : [input text and search] - [Passed], write result to >> /Users/frankwu/Desktop/cr_1234_20160824180051_input text and search.xml
I, [2016-08-24T18:00:51.238380 #84335]  INFO -- : [input text and search] - [Passed], write result to >> /Users/frankwu/Desktop/cr_1234_20160824180051_input text and search.xml
I, [2016-08-24T18:00:51.252930 #84332]  INFO -- : write script state for [sample_web] to >> /Users/frankwu/Desktop/sr_1234_20160824180051_sample_web.xml
I, [2016-08-24T18:00:51.402119 #84335]  INFO -- : write script state for [sample_web1] to >> /Users/frankwu/Desktop/sr_1234_20160824180051_sample_web1.xml
I, [2016-08-25T11:40:46.857115 #85238]  INFO -- : post request by http://192.168.28.218/api/mobile/v1/articles/comment.
I, [2016-08-25T11:40:46.857161 #85237]  INFO -- : header: {"Connection"=>"Keep-Alive", "Content-Type"=>"application/json; charset=utf-8", "User-Agent"=>"Dalvik/2.1.0 (Linux; U; Android 6.0; MI 5 MIUI/V7.5.6.0.MAACNDE)", "Device-Info"=>"appVersion=1.1.0;systemType=Andriod;systemInfo=5.1;deviceModel=m2 note", "Sign"=>"c6eceb39f6aaa3e92e7ddcbe110970c0"}
I, [2016-08-25T11:40:46.857342 #85237]  INFO -- : get request by http://192.168.28.218/api/mobile/v1/settings/about_us.
I, [2016-08-25T11:40:46.857373 #85237]  INFO -- : request data -->> {}.
I, [2016-08-25T11:40:46.857364 #85238]  INFO -- : request data -->> {"article_id"=>"18", "content"=>"test"}.
I, [2016-08-25T11:40:46.857369 #85239]  INFO -- : header: {"Connection"=>"Keep-Alive", "Content-Type"=>"application/json; charset=utf-8", "User-Agent"=>"Dalvik/2.1.0 (Linux; U; Android 6.0; MI 5 MIUI/V7.5.6.0.MAACNDE)", "Device-Info"=>"appVersion=1.1.0;systemType=Andriod;systemInfo=5.1;deviceModel=m2 note", "Sign"=>"f2e16be000e8bb692507042a0c2464b4"}
I, [2016-08-25T11:40:46.857422 #85239]  INFO -- : get request by http://192.168.28.218/api/mobile/v1/articles/list?sort=0&page=1.
I, [2016-08-25T11:40:46.857447 #85239]  INFO -- : request data -->> {"sort"=>"0", "page"=>"1"}.
I, [2016-08-25T11:40:46.903916 #85237]  INFO -- : get by /api/mobile/v1/settings/about_us successfully!
I, [2016-08-25T11:40:46.907513 #85237]  INFO -- : [IH001] - [Passed], write result to >> /Users/frankwu/Desktop/cr_1234_20160825114046_IH001.xml
I, [2016-08-25T11:40:47.275092 #85240]  INFO -- : {"code"=>1, "data"=>{"user_name"=>"ironhide", "avatar"=>"http://o8eatr2zr.bkt.clouddn.com/7e791fd6-2401-4b8b-81a7-025b897628151470464605410?imageView2/1/w/100/h/100/interlace/1/q/100/format/png", "is_expert"=>0, "has_followed"=>0, "user_id"=>7, "gender"=>1, "signature"=>"工控专家，官方推介媒体.", "follower_count"=>2, "favorite_count"=>0, "fans_count"=>17, "comment_count"=>48, "vote_count"=>67, "unread_notification_count"=>507, "focus_topic_count"=>1, "social_type"=>0, "config"=>{"disturb"=>0}}, "message"=>""}
I, [2016-08-25T11:40:47.403890 #85239]  INFO -- : get by /api/mobile/v1/articles/list successfully!
I, [2016-08-25T11:40:47.406106 #85239]  INFO -- : [IH001] - [Passed], write result to >> /Users/frankwu/Desktop/cr_1234_20160825114047_IH001.xml
I, [2016-08-25T11:40:47.407044 #85237]  INFO -- : header: {"Connection"=>"Keep-Alive", "Content-Type"=>"application/json; charset=utf-8", "User-Agent"=>"Dalvik/2.1.0 (Linux; U; Android 6.0; MI 5 MIUI/V7.5.6.0.MAACNDE)", "Device-Info"=>"appVersion=1.1.0;systemType=Andriod;systemInfo=5.1;deviceModel=m2 note", "Sign"=>"6dec350718bcdaf1f3b8bb3925c60368", "Authorization"=>"Token token=eyJ0eXAiOiJKV1QiLCJhbGciOiJIUzI1NiJ9.eyJpZCI6NywidXNlcl9uYW1lIjoiaXJvbmhpZGUiLCJleHAiOjE0NzQ2ODg0NDN9.T7KWeU7thGcYbAk7-TEWKys3V02H_9B74qphTvo3ufo"}
I, [2016-08-25T11:40:47.407109 #85237]  INFO -- : get request by http://192.168.28.218/api/mobile/v1/settings/about_us.
I, [2016-08-25T11:40:47.407132 #85237]  INFO -- : request data -->> {}.
I, [2016-08-25T11:40:47.407119 #85238]  INFO -- : post by /api/mobile/v1/articles/comment successfully!
I, [2016-08-25T11:40:47.408327 #85238]  INFO -- : [IH001] - [Passed], write result to >> /Users/frankwu/Desktop/cr_1234_20160825114047_IH001.xml
I, [2016-08-25T11:40:47.543808 #85240]  INFO -- : {"code"=>1001, "data"=>{}, "message"=>"账号或密码错误"}
I, [2016-08-25T11:40:47.955631 #85237]  INFO -- : get by /api/mobile/v1/settings/about_us successfully!
I, [2016-08-25T11:40:47.955951 #85238]  INFO -- : post request by http://192.168.28.218/api/mobile/v1/articles/comment.
I, [2016-08-25T11:40:47.956031 #85238]  INFO -- : request data -->> {"article_id"=>"18", "content"=>"test"}.
I, [2016-08-25T11:40:47.956013 #85239]  INFO -- : header: {"Connection"=>"Keep-Alive", "Content-Type"=>"application/json; charset=utf-8", "User-Agent"=>"Dalvik/2.1.0 (Linux; U; Android 6.0; MI 5 MIUI/V7.5.6.0.MAACNDE)", "Device-Info"=>"appVersion=1.1.0;systemType=Andriod;systemInfo=5.1;deviceModel=m2 note", "Sign"=>"d909ebf8c02dd383f6ae4e39d9522920", "Authorization"=>"Token token=eyJ0eXAiOiJKV1QiLCJhbGciOiJIUzI1NiJ9.eyJpZCI6NywidXNlcl9uYW1lIjoiaXJvbmhpZGUiLCJleHAiOjE0NzQ2ODg0NDR9.aEuL_n8QaqDYnNO45o3NLwAcQ6G3rr8mQ_X-kjuin38"}
I, [2016-08-25T11:40:47.956077 #85239]  INFO -- : get request by http://192.168.28.218/api/mobile/v1/articles/list?sort=0&page=1.
I, [2016-08-25T11:40:47.956119 #85239]  INFO -- : request data -->> {"sort"=>"0", "page"=>"1"}.
I, [2016-08-25T11:40:47.956873 #85237]  INFO -- : [IH002] - [Passed], write result to >> /Users/frankwu/Desktop/cr_1234_20160825114047_IH002.xml
I, [2016-08-25T11:40:47.957915 #85237]  INFO -- : write script state for [about_us] to >> /Users/frankwu/Desktop/sr_1234_20160825114047_about_us.xml
I, [2016-08-25T11:40:48.088712 #85240]  INFO -- : {"code"=>1001, "data"=>{}, "message"=>"账号或密码错误"}
I, [2016-08-25T11:40:49.416072 #85240]  INFO -- : {"code"=>1001, "data"=>{}, "message"=>"账号或密码错误"}
I, [2016-08-25T11:40:49.450737 #85240]  INFO -- : {"code"=>1001, "data"=>{}, "message"=>"账号或密码错误"}
I, [2016-08-25T11:40:49.528128 #85238]  INFO -- : post by /api/mobile/v1/articles/comment successfully!
I, [2016-08-25T11:40:49.528495 #85238]  INFO -- : post request by http://192.168.28.218/api/mobile/v1/articles/comment.
I, [2016-08-25T11:40:49.528545 #85238]  INFO -- : request data -->> {"article_id"=>"18", "content"=>"testtest"}.
I, [2016-08-25T11:40:49.531359 #85239]  INFO -- : get by /api/mobile/v1/articles/list successfully!
I, [2016-08-25T11:40:49.532234 #85239]  INFO -- : header: {"Connection"=>"Keep-Alive", "Content-Type"=>"application/json; charset=utf-8", "User-Agent"=>"Dalvik/2.1.0 (Linux; U; Android 6.0; MI 5 MIUI/V7.5.6.0.MAACNDE)", "Device-Info"=>"appVersion=1.1.0;systemType=Andriod;systemInfo=5.1;deviceModel=m2 note", "Sign"=>"dd23f5e4bdc0ef8c96664d5595c730d0", "Authorization"=>"Token token=eyJ0eXAiOiJKV1QiLCJhbGciOiJIUzI1NiJ9.eyJpZCI6NywidXNlcl9uYW1lIjoiaXJvbmhpZGUiLCJleHAiOjE0NzQ2ODg0NDR9.aEuL_n8QaqDYnNO45o3NLwAcQ6G3rr8mQ_X-kjuin38"}
I, [2016-08-25T11:40:49.532281 #85239]  INFO -- : get request by http://192.168.28.218/api/mobile/v1/articles/list?sort=1&page=1.
I, [2016-08-25T11:40:49.532315 #85239]  INFO -- : request data -->> {"sort"=>"1", "page"=>"1"}.
I, [2016-08-25T11:40:49.704244 #85240]  INFO -- : {"code"=>1001, "data"=>{}, "message"=>"账号或密码错误"}
I, [2016-08-25T11:40:50.488407 #85240]  INFO -- : {"code"=>1001, "data"=>{}, "message"=>"账号或密码错误"}
I, [2016-08-25T11:40:50.545336 #85238]  INFO -- : post by /api/mobile/v1/articles/comment successfully!
I, [2016-08-25T11:40:50.545668 #85238]  INFO -- : post request by http://192.168.28.218/api/mobile/v1/articles/comment.
I, [2016-08-25T11:40:50.545719 #85238]  INFO -- : request data -->> {"article_id"=>"18", "content"=>"回复", "comment_id"=>"41"}.
I, [2016-08-25T11:40:50.618386 #85239]  INFO -- : get by /api/mobile/v1/articles/list successfully!
I, [2016-08-25T11:40:50.619245 #85239]  INFO -- : header: {"Connection"=>"Keep-Alive", "Content-Type"=>"application/json; charset=utf-8", "User-Agent"=>"Dalvik/2.1.0 (Linux; U; Android 6.0; MI 5 MIUI/V7.5.6.0.MAACNDE)", "Device-Info"=>"appVersion=1.1.0;systemType=Andriod;systemInfo=5.1;deviceModel=m2 note", "Sign"=>"2e6b93a5c533af6bb3d32c58cc50a482", "Authorization"=>"Token token=eyJ0eXAiOiJKV1QiLCJhbGciOiJIUzI1NiJ9.eyJpZCI6NywidXNlcl9uYW1lIjoiaXJvbmhpZGUiLCJleHAiOjE0NzQ2ODg0NDR9.aEuL_n8QaqDYnNO45o3NLwAcQ6G3rr8mQ_X-kjuin38"}
I, [2016-08-25T11:40:50.619289 #85239]  INFO -- : get request by http://192.168.28.218/api/mobile/v1/articles/list?sort=2&page=1.
I, [2016-08-25T11:40:50.619322 #85239]  INFO -- : request data -->> {"sort"=>"2", "page"=>"1"}.
I, [2016-08-25T11:40:50.794543 #85240]  INFO -- : {"code"=>1001, "data"=>{}, "message"=>"账号或密码错误"}
I, [2016-08-25T11:40:51.401765 #85238]  INFO -- : post by /api/mobile/v1/articles/comment successfully!
I, [2016-08-25T11:40:51.402196 #85238]  INFO -- : post request by http://192.168.28.218/api/mobile/v1/articles/comment.
I, [2016-08-25T11:40:51.402230 #85238]  INFO -- : request data -->> {"article_id"=>"18", "content"=>"test", "comment_id"=>"9"}.
I, [2016-08-25T11:40:51.423858 #85240]  INFO -- : {"code"=>1001, "data"=>{}, "message"=>"账号或密码错误"}
I, [2016-08-25T11:40:51.453486 #85238]  INFO -- : post by /api/mobile/v1/articles/comment successfully!
I, [2016-08-25T11:40:51.453664 #85238]  INFO -- : post request by http://192.168.28.218/api/mobile/v1/articles/comment.
I, [2016-08-25T11:40:51.453701 #85238]  INFO -- : request data -->> {"article_id"=>"18", "content"=>"test", "comment_id"=>"99999"}.
I, [2016-08-25T11:40:51.552416 #85239]  INFO -- : get by /api/mobile/v1/articles/list successfully!
I, [2016-08-25T11:40:51.554204 #85239]  INFO -- : [IH002] - [Passed], write result to >> /Users/frankwu/Desktop/cr_1234_20160825114051_IH002.xml
I, [2016-08-25T11:40:51.555090 #85239]  INFO -- : write script state for [articles_list] to >> /Users/frankwu/Desktop/sr_1234_20160825114051_articles_list.xml
I, [2016-08-25T11:40:51.603612 #85240]  INFO -- : {"code"=>1001, "data"=>{}, "message"=>"账号或密码错误"}
I, [2016-08-25T11:40:51.623504 #85238]  INFO -- : post by /api/mobile/v1/articles/comment successfully!
I, [2016-08-25T11:40:51.623671 #85238]  INFO -- : post request by http://192.168.28.218/api/mobile/v1/articles/comment.
I, [2016-08-25T11:40:51.623709 #85238]  INFO -- : request data -->> {"article_id"=>"18", "content"=>"test", "comment_id"=>"22"}.
I, [2016-08-25T11:40:51.832129 #85240]  INFO -- : {"code"=>1001, "data"=>{}, "message"=>"账号或密码错误"}
I, [2016-08-25T11:40:51.832813 #85238]  INFO -- : post by /api/mobile/v1/articles/comment successfully!
I, [2016-08-25T11:40:51.833816 #85238]  INFO -- : [IH002] - [Passed], write result to >> /Users/frankwu/Desktop/cr_1234_20160825114051_IH002.xml
I, [2016-08-25T11:40:51.834855 #85238]  INFO -- : write script state for [articles_comment] to >> /Users/frankwu/Desktop/sr_1234_20160825114051_articles_comment.xml
I, [2016-08-25T11:40:51.997456 #85240]  INFO -- : {"code"=>1001, "data"=>{}, "message"=>"账号或密码错误"}
I, [2016-08-25T11:40:52.172684 #85240]  INFO -- : {"code"=>1001, "data"=>{}, "message"=>"账号或密码错误"}
I, [2016-08-25T11:40:52.327331 #85240]  INFO -- : {"code"=>1001, "data"=>{}, "message"=>"账号或密码错误"}
I, [2016-08-25T11:40:52.500006 #85240]  INFO -- : {"code"=>1001, "data"=>{}, "message"=>"账号或密码错误"}
I, [2016-08-25T11:40:52.542773 #85240]  INFO -- : {"code"=>1001, "data"=>{}, "message"=>"账号或密码错误"}
I, [2016-08-25T11:40:52.543980 #85240]  INFO -- : [IH001] - [Passed], write result to >> /Users/frankwu/Desktop/cr_1234_20160825114052_IH001.xml
I, [2016-08-25T11:40:52.544894 #85240]  INFO -- : write script state for [user_sign_in] to >> /Users/frankwu/Desktop/sr_1234_20160825114052_user_sign_in.xml
I, [2016-08-25T11:41:53.564008 #85255]  INFO -- : header: {"Connection"=>"Keep-Alive", "Content-Type"=>"application/json; charset=utf-8", "User-Agent"=>"Dalvik/2.1.0 (Linux; U; Android 6.0; MI 5 MIUI/V7.5.6.0.MAACNDE)", "Device-Info"=>"appVersion=1.1.0;systemType=Andriod;systemInfo=5.1;deviceModel=m2 note", "Sign"=>"c6eceb39f6aaa3e92e7ddcbe110970c0"}
I, [2016-08-25T11:41:53.564056 #85255]  INFO -- : get request by http://192.168.28.218/api/mobile/v1/settings/about_us.
I, [2016-08-25T11:41:53.564076 #85255]  INFO -- : request data -->> {}.
I, [2016-08-25T11:41:53.854996 #85255]  INFO -- : get by /api/mobile/v1/settings/about_us successfully!
I, [2016-08-25T11:41:53.856581 #85255]  INFO -- : [IH001] - [Passed], write result to >> /Users/frankwu/Desktop/cr_1234_20160825114153_IH001.xml
I, [2016-08-25T11:41:53.858607 #85256]  INFO -- : {"code"=>1, "data"=>{"user_name"=>"ironhide", "avatar"=>"http://o8eatr2zr.bkt.clouddn.com/7e791fd6-2401-4b8b-81a7-025b897628151470464605410?imageView2/1/w/100/h/100/interlace/1/q/100/format/png", "is_expert"=>0, "has_followed"=>0, "user_id"=>7, "gender"=>1, "signature"=>"工控专家，官方推介媒体.", "follower_count"=>2, "favorite_count"=>0, "fans_count"=>17, "comment_count"=>48, "vote_count"=>67, "unread_notification_count"=>509, "focus_topic_count"=>1, "social_type"=>0, "config"=>{"disturb"=>0}}, "message"=>""}
I, [2016-08-25T11:41:54.127830 #85255]  INFO -- : header: {"Connection"=>"Keep-Alive", "Content-Type"=>"application/json; charset=utf-8", "User-Agent"=>"Dalvik/2.1.0 (Linux; U; Android 6.0; MI 5 MIUI/V7.5.6.0.MAACNDE)", "Device-Info"=>"appVersion=1.1.0;systemType=Andriod;systemInfo=5.1;deviceModel=m2 note", "Sign"=>"3f4f0f9c87c32fedaa0a1da90bd5c59d", "Authorization"=>"Token token=eyJ0eXAiOiJKV1QiLCJhbGciOiJIUzI1NiJ9.eyJpZCI6NywidXNlcl9uYW1lIjoiaXJvbmhpZGUiLCJleHAiOjE0NzQ2ODg1MTB9._t_FbkTxkOB2_Shbyfml4Cm2fjdklfiXcGAP3eO96YI"}
I, [2016-08-25T11:41:54.127913 #85255]  INFO -- : get request by http://192.168.28.218/api/mobile/v1/settings/about_us.
I, [2016-08-25T11:41:54.127948 #85255]  INFO -- : request data -->> {}.
I, [2016-08-25T11:41:54.245709 #85256]  INFO -- : {"code"=>1001, "data"=>{}, "message"=>"账号或密码错误"}
I, [2016-08-25T11:41:54.270705 #85255]  INFO -- : get by /api/mobile/v1/settings/about_us successfully!
I, [2016-08-25T11:41:54.272459 #85255]  INFO -- : [IH002] - [Passed], write result to >> /Users/frankwu/Desktop/cr_1234_20160825114154_IH002.xml
I, [2016-08-25T11:41:54.273456 #85255]  INFO -- : write script state for [about_us] to >> /Users/frankwu/Desktop/sr_1234_20160825114154_about_us.xml
I, [2016-08-25T11:41:54.450064 #85256]  INFO -- : {"code"=>1001, "data"=>{}, "message"=>"账号或密码错误"}
I, [2016-08-25T11:41:54.501641 #85256]  INFO -- : {"code"=>1001, "data"=>{}, "message"=>"账号或密码错误"}
I, [2016-08-25T11:41:54.797520 #85256]  INFO -- : {"code"=>1001, "data"=>{}, "message"=>"账号或密码错误"}
I, [2016-08-25T11:41:55.097351 #85256]  INFO -- : {"code"=>1001, "data"=>{}, "message"=>"账号或密码错误"}
I, [2016-08-25T11:41:55.137014 #85256]  INFO -- : {"code"=>1001, "data"=>{}, "message"=>"账号或密码错误"}
I, [2016-08-25T11:41:55.194627 #85256]  INFO -- : {"code"=>1001, "data"=>{}, "message"=>"账号或密码错误"}
I, [2016-08-25T11:41:55.255633 #85256]  INFO -- : {"code"=>1001, "data"=>{}, "message"=>"账号或密码错误"}
I, [2016-08-25T11:41:55.418259 #85256]  INFO -- : {"code"=>1001, "data"=>{}, "message"=>"账号或密码错误"}
I, [2016-08-25T11:41:55.578833 #85256]  INFO -- : {"code"=>1001, "data"=>{}, "message"=>"账号或密码错误"}
I, [2016-08-25T11:41:55.746674 #85256]  INFO -- : {"code"=>1001, "data"=>{}, "message"=>"账号或密码错误"}
I, [2016-08-25T11:41:55.935997 #85256]  INFO -- : {"code"=>1001, "data"=>{}, "message"=>"账号或密码错误"}
I, [2016-08-25T11:41:56.102792 #85256]  INFO -- : {"code"=>1001, "data"=>{}, "message"=>"账号或密码错误"}
I, [2016-08-25T11:41:56.267498 #85256]  INFO -- : {"code"=>1001, "data"=>{}, "message"=>"账号或密码错误"}
I, [2016-08-25T11:41:56.301967 #85256]  INFO -- : {"code"=>1001, "data"=>{}, "message"=>"账号或密码错误"}
I, [2016-08-25T11:41:56.303063 #85256]  INFO -- : [IH001] - [Passed], write result to >> /Users/frankwu/Desktop/cr_1234_20160825114156_IH001.xml
I, [2016-08-25T11:41:56.303935 #85256]  INFO -- : write script state for [user_sign_in] to >> /Users/frankwu/Desktop/sr_1234_20160825114156_user_sign_in.xml
I, [2016-08-25T11:50:12.040378 #85315]  INFO -- : header: {"Connection"=>"Keep-Alive", "Content-Type"=>"application/json; charset=utf-8", "User-Agent"=>"Dalvik/2.1.0 (Linux; U; Android 6.0; MI 5 MIUI/V7.5.6.0.MAACNDE)", "Device-Info"=>"appVersion=1.1.0;systemType=Andriod;systemInfo=5.1;deviceModel=m2 note", "Sign"=>"c6eceb39f6aaa3e92e7ddcbe110970c0"}
I, [2016-08-25T11:50:12.040422 #85315]  INFO -- : get request by http://192.168.28.218/api/mobile/v1/settings/about_us.
I, [2016-08-25T11:50:12.040441 #85315]  INFO -- : request data -->> {}.
I, [2016-08-25T11:50:12.315409 #85315]  INFO -- : get by /api/mobile/v1/settings/about_us successfully!
I, [2016-08-25T11:50:12.315918 #85316]  INFO -- : {"code"=>1, "data"=>{"user_name"=>"ironhide", "avatar"=>"http://o8eatr2zr.bkt.clouddn.com/7e791fd6-2401-4b8b-81a7-025b897628151470464605410?imageView2/1/w/100/h/100/interlace/1/q/100/format/png", "is_expert"=>0, "has_followed"=>0, "user_id"=>7, "gender"=>1, "signature"=>"工控专家，官方推介媒体.", "follower_count"=>2, "favorite_count"=>0, "fans_count"=>17, "comment_count"=>48, "vote_count"=>67, "unread_notification_count"=>509, "focus_topic_count"=>1, "social_type"=>0, "config"=>{"disturb"=>0}}, "message"=>""}
I, [2016-08-25T11:50:12.317442 #85315]  INFO -- : [IH001] - [Passed], write result to >> /Users/frankwu/Desktop/cr_1234_20160825115012_IH001.xml
I, [2016-08-25T11:50:12.511957 #85316]  INFO -- : {"code"=>1001, "data"=>{}, "message"=>"账号或密码错误"}
I, [2016-08-25T11:50:12.636717 #85315]  INFO -- : header: {"Connection"=>"Keep-Alive", "Content-Type"=>"application/json; charset=utf-8", "User-Agent"=>"Dalvik/2.1.0 (Linux; U; Android 6.0; MI 5 MIUI/V7.5.6.0.MAACNDE)", "Device-Info"=>"appVersion=1.1.0;systemType=Andriod;systemInfo=5.1;deviceModel=m2 note", "Sign"=>"69a3f7eeef9bacaab3de7b67bb9668d9", "Authorization"=>"Token token=eyJ0eXAiOiJKV1QiLCJhbGciOiJIUzI1NiJ9.eyJpZCI6NywidXNlcl9uYW1lIjoiaXJvbmhpZGUiLCJleHAiOjE0NzQ2ODkwMDl9.Lmp7EtncLDfunqm34S4e9hTBRo1RLhCywQtSTvS4MQU"}
I, [2016-08-25T11:50:12.636825 #85315]  INFO -- : get request by http://192.168.28.218/api/mobile/v1/settings/about_us.
I, [2016-08-25T11:50:12.636891 #85315]  INFO -- : request data -->> {}.
I, [2016-08-25T11:50:12.766983 #85316]  INFO -- : {"code"=>1001, "data"=>{}, "message"=>"账号或密码错误"}
I, [2016-08-25T11:50:12.767402 #85315]  INFO -- : get by /api/mobile/v1/settings/about_us successfully!
I, [2016-08-25T11:50:12.768742 #85315]  INFO -- : [IH002] - [Passed], write result to >> /Users/frankwu/Desktop/cr_1234_20160825115012_IH002.xml
I, [2016-08-25T11:50:12.769881 #85315]  INFO -- : write script state for [about_us] to >> /Users/frankwu/Desktop/sr_1234_20160825115012_about_us.xml
I, [2016-08-25T11:50:12.804868 #85316]  INFO -- : {"code"=>1001, "data"=>{}, "message"=>"账号或密码错误"}
I, [2016-08-25T11:50:13.089411 #85316]  INFO -- : {"code"=>1001, "data"=>{}, "message"=>"账号或密码错误"}
I, [2016-08-25T11:50:13.143921 #85316]  INFO -- : {"code"=>1001, "data"=>{}, "message"=>"账号或密码错误"}
I, [2016-08-25T11:50:13.439204 #85316]  INFO -- : {"code"=>1001, "data"=>{}, "message"=>"账号或密码错误"}
I, [2016-08-25T11:50:13.733191 #85316]  INFO -- : {"code"=>1001, "data"=>{}, "message"=>"账号或密码错误"}
I, [2016-08-25T11:50:13.781814 #85316]  INFO -- : {"code"=>1001, "data"=>{}, "message"=>"账号或密码错误"}
I, [2016-08-25T11:50:13.964346 #85316]  INFO -- : {"code"=>1001, "data"=>{}, "message"=>"账号或密码错误"}
I, [2016-08-25T11:50:14.160699 #85316]  INFO -- : {"code"=>1001, "data"=>{}, "message"=>"账号或密码错误"}
I, [2016-08-25T11:50:14.349080 #85316]  INFO -- : {"code"=>1001, "data"=>{}, "message"=>"账号或密码错误"}
I, [2016-08-25T11:50:14.501173 #85316]  INFO -- : {"code"=>1001, "data"=>{}, "message"=>"账号或密码错误"}
I, [2016-08-25T11:50:14.643823 #85316]  INFO -- : {"code"=>1001, "data"=>{}, "message"=>"账号或密码错误"}
I, [2016-08-25T11:50:14.808157 #85316]  INFO -- : {"code"=>1001, "data"=>{}, "message"=>"账号或密码错误"}
I, [2016-08-25T11:50:14.865643 #85316]  INFO -- : {"code"=>1001, "data"=>{}, "message"=>"账号或密码错误"}
I, [2016-08-25T11:50:14.867009 #85316]  INFO -- : [IH001] - [Passed], write result to >> /Users/frankwu/Desktop/cr_1234_20160825115014_IH001.xml
I, [2016-08-25T11:50:14.868032 #85316]  INFO -- : write script state for [user_sign_in] to >> /Users/frankwu/Desktop/sr_1234_20160825115014_user_sign_in.xml
I, [2016-08-25T11:50:48.759281 #85324]  INFO -- : header: {"Connection"=>"Keep-Alive", "Content-Type"=>"application/json; charset=utf-8", "User-Agent"=>"Dalvik/2.1.0 (Linux; U; Android 6.0; MI 5 MIUI/V7.5.6.0.MAACNDE)", "Device-Info"=>"appVersion=1.1.0;systemType=Andriod;systemInfo=5.1;deviceModel=m2 note", "Sign"=>"f2e16be000e8bb692507042a0c2464b4"}
I, [2016-08-25T11:50:48.759324 #85324]  INFO -- : get request by http://192.168.28.218/api/mobile/v1/articles/list?sort=0&page=1.
I, [2016-08-25T11:50:48.759343 #85324]  INFO -- : request data -->> {"sort"=>"0", "page"=>"1"}.
I, [2016-08-25T11:50:49.019422 #85324]  INFO -- : get by /api/mobile/v1/articles/list successfully!
I, [2016-08-25T11:50:49.022015 #85324]  INFO -- : [IH001] - [Passed], write result to >> /Users/frankwu/Desktop/cr_1234_20160825115049_IH001.xml
I, [2016-08-25T11:50:49.189755 #85324]  INFO -- : header: {"Connection"=>"Keep-Alive", "Content-Type"=>"application/json; charset=utf-8", "User-Agent"=>"Dalvik/2.1.0 (Linux; U; Android 6.0; MI 5 MIUI/V7.5.6.0.MAACNDE)", "Device-Info"=>"appVersion=1.1.0;systemType=Andriod;systemInfo=5.1;deviceModel=m2 note", "Sign"=>"b5b97f5976857f75d8933c9015bb5769", "Authorization"=>"Token token=eyJ0eXAiOiJKV1QiLCJhbGciOiJIUzI1NiJ9.eyJpZCI6NywidXNlcl9uYW1lIjoiaXJvbmhpZGUiLCJleHAiOjE0NzQ2ODkwNDV9.7qzMuSIHjsO476Li3mtHe6IyeCayUiK61Xa7KgFMqy0"}
I, [2016-08-25T11:50:49.189846 #85324]  INFO -- : get request by http://192.168.28.218/api/mobile/v1/articles/list?sort=0&page=1.
I, [2016-08-25T11:50:49.189907 #85324]  INFO -- : request data -->> {"sort"=>"0", "page"=>"1"}.
I, [2016-08-25T11:50:49.508340 #85324]  INFO -- : get by /api/mobile/v1/articles/list successfully!
I, [2016-08-25T11:50:49.509236 #85324]  INFO -- : header: {"Connection"=>"Keep-Alive", "Content-Type"=>"application/json; charset=utf-8", "User-Agent"=>"Dalvik/2.1.0 (Linux; U; Android 6.0; MI 5 MIUI/V7.5.6.0.MAACNDE)", "Device-Info"=>"appVersion=1.1.0;systemType=Andriod;systemInfo=5.1;deviceModel=m2 note", "Sign"=>"a40253a66df51e69797c59b6807961b0", "Authorization"=>"Token token=eyJ0eXAiOiJKV1QiLCJhbGciOiJIUzI1NiJ9.eyJpZCI6NywidXNlcl9uYW1lIjoiaXJvbmhpZGUiLCJleHAiOjE0NzQ2ODkwNDV9.7qzMuSIHjsO476Li3mtHe6IyeCayUiK61Xa7KgFMqy0"}
I, [2016-08-25T11:50:49.509280 #85324]  INFO -- : get request by http://192.168.28.218/api/mobile/v1/articles/list?sort=1&page=1.
I, [2016-08-25T11:50:49.509314 #85324]  INFO -- : request data -->> {"sort"=>"1", "page"=>"1"}.
I, [2016-08-25T11:50:49.778947 #85324]  INFO -- : get by /api/mobile/v1/articles/list successfully!
I, [2016-08-25T11:50:49.779781 #85324]  INFO -- : header: {"Connection"=>"Keep-Alive", "Content-Type"=>"application/json; charset=utf-8", "User-Agent"=>"Dalvik/2.1.0 (Linux; U; Android 6.0; MI 5 MIUI/V7.5.6.0.MAACNDE)", "Device-Info"=>"appVersion=1.1.0;systemType=Andriod;systemInfo=5.1;deviceModel=m2 note", "Sign"=>"4eefad5984dfe293026f422a9adff593", "Authorization"=>"Token token=eyJ0eXAiOiJKV1QiLCJhbGciOiJIUzI1NiJ9.eyJpZCI6NywidXNlcl9uYW1lIjoiaXJvbmhpZGUiLCJleHAiOjE0NzQ2ODkwNDV9.7qzMuSIHjsO476Li3mtHe6IyeCayUiK61Xa7KgFMqy0"}
I, [2016-08-25T11:50:49.779853 #85324]  INFO -- : get request by http://192.168.28.218/api/mobile/v1/articles/list?sort=2&page=1.
I, [2016-08-25T11:50:49.779885 #85324]  INFO -- : request data -->> {"sort"=>"2", "page"=>"1"}.
I, [2016-08-25T11:50:50.090907 #85324]  INFO -- : get by /api/mobile/v1/articles/list successfully!
I, [2016-08-25T11:50:50.092710 #85324]  INFO -- : [IH002] - [Passed], write result to >> /Users/frankwu/Desktop/cr_1234_20160825115050_IH002.xml
I, [2016-08-25T11:50:50.093527 #85324]  INFO -- : write script state for [articles_list] to >> /Users/frankwu/Desktop/sr_1234_20160825115050_articles_list.xml
I, [2016-08-25T13:21:37.794899 #85507]  INFO -- : UPDATE users SET mobile = '68552797762' WHERE user_name = '15982326275'
I, [2016-08-25T13:23:30.155320 #85523]  INFO -- : select * from users where mobile = '15982326275'
I, [2016-08-25T13:23:30.703470 #85523]  INFO -- : UPDATE users SET mobile = '73259464431' WHERE user_name = '15982326275'
I, [2016-08-25T13:23:45.006444 #85528]  INFO -- : select * from users where mobile = '15982326275'
I, [2016-08-25T13:23:46.196571 #85528]  INFO -- : UPDATE users SET mobile = '31189868151' WHERE mobile = '15982326275'
I, [2016-08-25T14:38:30.647935 #85880]  INFO -- : select * from users where mobile = '15982326275'
I, [2016-08-25T14:38:30.828905 #85880]  INFO -- : UPDATE users SET mobile = '14298629915' WHERE mobile = '15982326275'
I, [2016-08-25T17:19:35.556200 #91810]  INFO -- : select * from users where mobile = '15982326275'
I, [2016-08-25T17:26:07.839317 #91859]  INFO -- : select * from users where mobile = '15982326275'
I, [2016-08-25T17:26:46.469965 #91868]  INFO -- : select * from users where mobile = '15982326275'
I, [2016-08-25T17:26:54.602529 #91869]  INFO -- : select * from users where mobile = '15982326275'
I, [2016-08-25T17:27:42.135095 #91879]  INFO -- : header: {"Connection"=>"Keep-Alive", "Content-Type"=>"application/json; charset=utf-8", "User-Agent"=>"Dalvik/2.1.0 (Linux; U; Android 6.0; MI 5 MIUI/V7.5.6.0.MAACNDE)", "Device-Info"=>"appVersion=1.1.0;systemType=Andriod;systemInfo=5.1;deviceModel=m2 note", "Sign"=>"f2e16be000e8bb692507042a0c2464b4"}
I, [2016-08-25T17:27:42.135144 #91879]  INFO -- : get request by http://192.168.28.218/api/mobile/v1/articles/list?sort=0&page=1.
I, [2016-08-25T17:27:42.135167 #91879]  INFO -- : request data -->> {"sort"=>"0", "page"=>"1"}.
I, [2016-08-25T17:27:42.441599 #91879]  INFO -- : get by /api/mobile/v1/articles/list successfully!
I, [2016-08-25T17:27:42.446746 #91879]  INFO -- : [IH001] - [Passed], write result to >> /Users/frankwu/Desktop/cr_1234_20160825172742_IH001.xml
I, [2016-08-25T17:27:43.175314 #91879]  INFO -- : header: {"Connection"=>"Keep-Alive", "Content-Type"=>"application/json; charset=utf-8", "User-Agent"=>"Dalvik/2.1.0 (Linux; U; Android 6.0; MI 5 MIUI/V7.5.6.0.MAACNDE)", "Device-Info"=>"appVersion=1.1.0;systemType=Andriod;systemInfo=5.1;deviceModel=m2 note", "Sign"=>"61875bd22c9ca69c44257aff9fa31e17", "Authorization"=>"Token token=eyJ0eXAiOiJKV1QiLCJhbGciOiJIUzI1NiJ9.eyJpZCI6NywidXNlcl9uYW1lIjoiaXJvbmhpZGUiLCJleHAiOjE0NzQ3MDkyNTl9.GG0WnStcE3tfrOE_x5oclemTqWaf9B0rfwe8rFiS2ss"}
I, [2016-08-25T17:27:43.175395 #91879]  INFO -- : get request by http://192.168.28.218/api/mobile/v1/articles/list?sort=0&page=1.
I, [2016-08-25T17:27:43.175435 #91879]  INFO -- : request data -->> {"sort"=>"0", "page"=>"1"}.
I, [2016-08-25T17:27:43.481741 #91879]  INFO -- : get by /api/mobile/v1/articles/list successfully!
I, [2016-08-25T17:27:43.482581 #91879]  INFO -- : header: {"Connection"=>"Keep-Alive", "Content-Type"=>"application/json; charset=utf-8", "User-Agent"=>"Dalvik/2.1.0 (Linux; U; Android 6.0; MI 5 MIUI/V7.5.6.0.MAACNDE)", "Device-Info"=>"appVersion=1.1.0;systemType=Andriod;systemInfo=5.1;deviceModel=m2 note", "Sign"=>"fbe0f4a863fbdbdc88cb52266ed2e32b", "Authorization"=>"Token token=eyJ0eXAiOiJKV1QiLCJhbGciOiJIUzI1NiJ9.eyJpZCI6NywidXNlcl9uYW1lIjoiaXJvbmhpZGUiLCJleHAiOjE0NzQ3MDkyNTl9.GG0WnStcE3tfrOE_x5oclemTqWaf9B0rfwe8rFiS2ss"}
I, [2016-08-25T17:27:43.482627 #91879]  INFO -- : get request by http://192.168.28.218/api/mobile/v1/articles/list?sort=1&page=1.
I, [2016-08-25T17:27:43.482662 #91879]  INFO -- : request data -->> {"sort"=>"1", "page"=>"1"}.
I, [2016-08-25T17:27:43.769393 #91879]  INFO -- : get by /api/mobile/v1/articles/list successfully!
I, [2016-08-25T17:27:43.841341 #91879]  INFO -- : [IH002] - [Failed], write result to >> /Users/frankwu/Desktop/cr_1234_20160825172743_IH002.xml
I, [2016-08-25T17:27:43.841400 #91879]  INFO -- : ##################################################################
I, [2016-08-25T17:27:43.841422 #91879]  INFO -- :  -- expected: truthy value
     got: false
23----->          #response[ data ][ list ].each_with_index {|list,index| expect(response[ data ][ list ][index-1][ vote_count ]&lt;list[ vote_count ]).to be_truthy if index&gt;0}
24----->        when  1 
25----->          response[ data ][ list ].each_with_index {|list,index| expect(response[ data ][ list ][index-1][ vote_count ]&lt;list[ vote_count ]).to be_truthy if index&gt;0}
26----->        when  2  
27----->          response[ data ][ list ].each_with_index {|list,index| expect(response[ data ][ list ][index-1][ comment_count ]&lt;list[ comment_count ]).to be_truthy if index&gt;0}
./interfaces/articles_list/action1.rb:25:in `block (3 levels) in action_1'
./interfaces/articles_list/action1.rb:25:in `each'
./interfaces/articles_list/action1.rb:25:in `each_with_index'
./interfaces/articles_list/action1.rb:25:in `block (2 levels) in action_1'
./interfaces/articles_list/action1.rb:16:in `each'
./interfaces/articles_list/action1.rb:16:in `block in action_1'
I, [2016-08-25T17:27:43.841438 #91879]  INFO -- : ##################################################################
I, [2016-08-25T17:27:43.910382 #91879]  INFO -- : write script state for [articles_list] to >> /Users/frankwu/Desktop/sr_1234_20160825172743_articles_list.xml
I, [2016-08-25T17:28:37.645529 #91895]  INFO -- : header: {"Connection"=>"Keep-Alive", "Content-Type"=>"application/json; charset=utf-8", "User-Agent"=>"Dalvik/2.1.0 (Linux; U; Android 6.0; MI 5 MIUI/V7.5.6.0.MAACNDE)", "Device-Info"=>"appVersion=1.1.0;systemType=Andriod;systemInfo=5.1;deviceModel=m2 note", "Sign"=>"f2e16be000e8bb692507042a0c2464b4"}
I, [2016-08-25T17:28:37.645585 #91895]  INFO -- : get request by http://192.168.28.218/api/mobile/v1/articles/list?sort=0&page=1.
I, [2016-08-25T17:28:37.645610 #91895]  INFO -- : request data -->> {"sort"=>"0", "page"=>"1"}.
I, [2016-08-25T17:28:37.845263 #91895]  INFO -- : get by /api/mobile/v1/articles/list successfully!
I, [2016-08-25T17:28:37.848025 #91895]  INFO -- : [IH001] - [Passed], write result to >> /Users/frankwu/Desktop/cr_1234_20160825172837_IH001.xml
I, [2016-08-25T17:28:38.068607 #91895]  INFO -- : header: {"Connection"=>"Keep-Alive", "Content-Type"=>"application/json; charset=utf-8", "User-Agent"=>"Dalvik/2.1.0 (Linux; U; Android 6.0; MI 5 MIUI/V7.5.6.0.MAACNDE)", "Device-Info"=>"appVersion=1.1.0;systemType=Andriod;systemInfo=5.1;deviceModel=m2 note", "Sign"=>"511c3a710975df8ebfa9a142efd1efc0", "Authorization"=>"Token token=eyJ0eXAiOiJKV1QiLCJhbGciOiJIUzI1NiJ9.eyJpZCI6NywidXNlcl9uYW1lIjoiaXJvbmhpZGUiLCJleHAiOjE0NzQ3MDkzMTR9.xcoivwvucncryH2Gt07ahjRL-Kl79Vnp0DarpoUnm20"}
I, [2016-08-25T17:28:38.068690 #91895]  INFO -- : get request by http://192.168.28.218/api/mobile/v1/articles/list?sort=0&page=1.
I, [2016-08-25T17:28:38.068728 #91895]  INFO -- : request data -->> {"sort"=>"0", "page"=>"1"}.
I, [2016-08-25T17:28:38.341302 #91895]  INFO -- : get by /api/mobile/v1/articles/list successfully!
I, [2016-08-25T17:28:38.342072 #91895]  INFO -- : header: {"Connection"=>"Keep-Alive", "Content-Type"=>"application/json; charset=utf-8", "User-Agent"=>"Dalvik/2.1.0 (Linux; U; Android 6.0; MI 5 MIUI/V7.5.6.0.MAACNDE)", "Device-Info"=>"appVersion=1.1.0;systemType=Andriod;systemInfo=5.1;deviceModel=m2 note", "Sign"=>"0b5abeb5300b7a3fe11cec5059088748", "Authorization"=>"Token token=eyJ0eXAiOiJKV1QiLCJhbGciOiJIUzI1NiJ9.eyJpZCI6NywidXNlcl9uYW1lIjoiaXJvbmhpZGUiLCJleHAiOjE0NzQ3MDkzMTR9.xcoivwvucncryH2Gt07ahjRL-Kl79Vnp0DarpoUnm20"}
I, [2016-08-25T17:28:38.342117 #91895]  INFO -- : get request by http://192.168.28.218/api/mobile/v1/articles/list?sort=1&page=1.
I, [2016-08-25T17:28:38.342151 #91895]  INFO -- : request data -->> {"sort"=>"1", "page"=>"1"}.
I, [2016-08-25T17:28:38.589760 #91895]  INFO -- : get by /api/mobile/v1/articles/list successfully!
I, [2016-08-25T17:28:38.641908 #91895]  INFO -- : [IH002] - [Failed], write result to >> /Users/frankwu/Desktop/cr_1234_20160825172838_IH002.xml
I, [2016-08-25T17:28:38.641965 #91895]  INFO -- : ##################################################################
I, [2016-08-25T17:28:38.641985 #91895]  INFO -- :  -- expected: truthy value
     got: false
23----->          #response[ data ][ list ].each_with_index {|list,index| expect(response[ data ][ list ][index-1][ vote_count ]&lt;list[ vote_count ]).to be_truthy if index&gt;0}
24----->        when  1 
25----->          response[ data ][ list ].each_with_index {|list,index| expect(response[ data ][ list ][index-1][ vote_count ]&gt;list[ vote_count ]).to be_truthy if index&gt;0}
26----->        when  2  
27----->          response[ data ][ list ].each_with_index {|list,index| expect(response[ data ][ list ][index-1][ comment_count ]&gt;list[ comment_count ]).to be_truthy if index&gt;0}
./interfaces/articles_list/action1.rb:25:in `block (3 levels) in action_1'
./interfaces/articles_list/action1.rb:25:in `each'
./interfaces/articles_list/action1.rb:25:in `each_with_index'
./interfaces/articles_list/action1.rb:25:in `block (2 levels) in action_1'
./interfaces/articles_list/action1.rb:16:in `each'
./interfaces/articles_list/action1.rb:16:in `block in action_1'
I, [2016-08-25T17:28:38.642002 #91895]  INFO -- : ##################################################################
I, [2016-08-25T17:28:38.705513 #91895]  INFO -- : write script state for [articles_list] to >> /Users/frankwu/Desktop/sr_1234_20160825172838_articles_list.xml
I, [2016-08-25T17:30:20.559442 #91904]  INFO -- : header: {"Connection"=>"Keep-Alive", "Content-Type"=>"application/json; charset=utf-8", "User-Agent"=>"Dalvik/2.1.0 (Linux; U; Android 6.0; MI 5 MIUI/V7.5.6.0.MAACNDE)", "Device-Info"=>"appVersion=1.1.0;systemType=Andriod;systemInfo=5.1;deviceModel=m2 note", "Sign"=>"f2e16be000e8bb692507042a0c2464b4"}
I, [2016-08-25T17:30:20.559492 #91904]  INFO -- : get request by http://192.168.28.218/api/mobile/v1/articles/list?sort=0&page=1.
I, [2016-08-25T17:30:20.559513 #91904]  INFO -- : request data -->> {"sort"=>"0", "page"=>"1"}.
I, [2016-08-25T17:30:20.808507 #91904]  INFO -- : get by /api/mobile/v1/articles/list successfully!
I, [2016-08-25T17:30:20.811221 #91904]  INFO -- : [IH001] - [Passed], write result to >> /Users/frankwu/Desktop/cr_1234_20160825173020_IH001.xml
I, [2016-08-25T17:30:21.004112 #91904]  INFO -- : header: {"Connection"=>"Keep-Alive", "Content-Type"=>"application/json; charset=utf-8", "User-Agent"=>"Dalvik/2.1.0 (Linux; U; Android 6.0; MI 5 MIUI/V7.5.6.0.MAACNDE)", "Device-Info"=>"appVersion=1.1.0;systemType=Andriod;systemInfo=5.1;deviceModel=m2 note", "Sign"=>"63d7a92516e15e661992be1e1289c288", "Authorization"=>"Token token=eyJ0eXAiOiJKV1QiLCJhbGciOiJIUzI1NiJ9.eyJpZCI6NywidXNlcl9uYW1lIjoiaXJvbmhpZGUiLCJleHAiOjE0NzQ3MDk0MTd9.5SH__9bsyQYyoKkbAenc1mg_Ssd0At3B9CIJY3fZGtQ"}
I, [2016-08-25T17:30:21.004189 #91904]  INFO -- : get request by http://192.168.28.218/api/mobile/v1/articles/list?sort=0&page=1.
I, [2016-08-25T17:30:21.004226 #91904]  INFO -- : request data -->> {"sort"=>"0", "page"=>"1"}.
I, [2016-08-25T17:30:21.290993 #91904]  INFO -- : get by /api/mobile/v1/articles/list successfully!
I, [2016-08-25T17:30:21.291591 #91904]  INFO -- : header: {"Connection"=>"Keep-Alive", "Content-Type"=>"application/json; charset=utf-8", "User-Agent"=>"Dalvik/2.1.0 (Linux; U; Android 6.0; MI 5 MIUI/V7.5.6.0.MAACNDE)", "Device-Info"=>"appVersion=1.1.0;systemType=Andriod;systemInfo=5.1;deviceModel=m2 note", "Sign"=>"7c1f8aff793ec8e76d58d455afa68af9", "Authorization"=>"Token token=eyJ0eXAiOiJKV1QiLCJhbGciOiJIUzI1NiJ9.eyJpZCI6NywidXNlcl9uYW1lIjoiaXJvbmhpZGUiLCJleHAiOjE0NzQ3MDk0MTd9.5SH__9bsyQYyoKkbAenc1mg_Ssd0At3B9CIJY3fZGtQ"}
I, [2016-08-25T17:30:21.291626 #91904]  INFO -- : get request by http://192.168.28.218/api/mobile/v1/articles/list?sort=1&page=1.
I, [2016-08-25T17:30:21.291659 #91904]  INFO -- : request data -->> {"sort"=>"1", "page"=>"1"}.
I, [2016-08-25T17:30:21.584325 #91904]  INFO -- : get by /api/mobile/v1/articles/list successfully!
I, [2016-08-25T17:30:21.630826 #91904]  INFO -- : [IH002] - [Failed], write result to >> /Users/frankwu/Desktop/cr_1234_20160825173021_IH002.xml
I, [2016-08-25T17:30:21.630881 #91904]  INFO -- : ##################################################################
I, [2016-08-25T17:30:21.630898 #91904]  INFO -- :  -- expected: truthy value
     got: false
25----->          response[ data ][ list ].each_with_index {|list,index| 
26----->            puts list,index,response[ data ][ list ][index-1][ vote_count ],list[ vote_count ]
27----->            expect(response[ data ][ list ][index-1][ vote_count ]&gt;list[ vote_count ]).to be_truthy if index&gt;0}
28----->        when  2  
29----->          response[ data ][ list ].each_with_index {|list,index| expect(response[ data ][ list ][index-1][ comment_count ]&gt;list[ comment_count ]).to be_truthy if index&gt;0}
./interfaces/articles_list/action1.rb:27:in `block (3 levels) in action_1'
./interfaces/articles_list/action1.rb:25:in `each'
./interfaces/articles_list/action1.rb:25:in `each_with_index'
./interfaces/articles_list/action1.rb:25:in `block (2 levels) in action_1'
./interfaces/articles_list/action1.rb:16:in `each'
./interfaces/articles_list/action1.rb:16:in `block in action_1'
I, [2016-08-25T17:30:21.630911 #91904]  INFO -- : ##################################################################
I, [2016-08-25T17:30:21.685188 #91904]  INFO -- : write script state for [articles_list] to >> /Users/frankwu/Desktop/sr_1234_20160825173021_articles_list.xml
I, [2016-08-25T17:31:22.255379 #91911]  INFO -- : header: {"Connection"=>"Keep-Alive", "Content-Type"=>"application/json; charset=utf-8", "User-Agent"=>"Dalvik/2.1.0 (Linux; U; Android 6.0; MI 5 MIUI/V7.5.6.0.MAACNDE)", "Device-Info"=>"appVersion=1.1.0;systemType=Andriod;systemInfo=5.1;deviceModel=m2 note", "Sign"=>"f2e16be000e8bb692507042a0c2464b4"}
I, [2016-08-25T17:31:22.255437 #91911]  INFO -- : get request by http://192.168.28.218/api/mobile/v1/articles/list?sort=0&page=1.
I, [2016-08-25T17:31:22.255464 #91911]  INFO -- : request data -->> {"sort"=>"0", "page"=>"1"}.
I, [2016-08-25T17:31:22.467701 #91911]  INFO -- : get by /api/mobile/v1/articles/list successfully!
I, [2016-08-25T17:31:22.469955 #91911]  INFO -- : [IH001] - [Passed], write result to >> /Users/frankwu/Desktop/cr_1234_20160825173122_IH001.xml
I, [2016-08-25T17:31:22.678500 #91911]  INFO -- : header: {"Connection"=>"Keep-Alive", "Content-Type"=>"application/json; charset=utf-8", "User-Agent"=>"Dalvik/2.1.0 (Linux; U; Android 6.0; MI 5 MIUI/V7.5.6.0.MAACNDE)", "Device-Info"=>"appVersion=1.1.0;systemType=Andriod;systemInfo=5.1;deviceModel=m2 note", "Sign"=>"8b5b067a9533fb9002c94f53cf2c15db", "Authorization"=>"Token token=eyJ0eXAiOiJKV1QiLCJhbGciOiJIUzI1NiJ9.eyJpZCI6NywidXNlcl9uYW1lIjoiaXJvbmhpZGUiLCJleHAiOjE0NzQ3MDk0Nzl9.3MVtNmPCmwFNxbKFp60DMQFRcgIl6JYvqF31HP7F94M"}
I, [2016-08-25T17:31:22.678584 #91911]  INFO -- : get request by http://192.168.28.218/api/mobile/v1/articles/list?sort=0&page=1.
I, [2016-08-25T17:31:22.678679 #91911]  INFO -- : request data -->> {"sort"=>"0", "page"=>"1"}.
I, [2016-08-25T17:31:22.980416 #91911]  INFO -- : get by /api/mobile/v1/articles/list successfully!
I, [2016-08-25T17:31:22.981049 #91911]  INFO -- : header: {"Connection"=>"Keep-Alive", "Content-Type"=>"application/json; charset=utf-8", "User-Agent"=>"Dalvik/2.1.0 (Linux; U; Android 6.0; MI 5 MIUI/V7.5.6.0.MAACNDE)", "Device-Info"=>"appVersion=1.1.0;systemType=Andriod;systemInfo=5.1;deviceModel=m2 note", "Sign"=>"36929a2cd645ab03f773d81072f57787", "Authorization"=>"Token token=eyJ0eXAiOiJKV1QiLCJhbGciOiJIUzI1NiJ9.eyJpZCI6NywidXNlcl9uYW1lIjoiaXJvbmhpZGUiLCJleHAiOjE0NzQ3MDk0Nzl9.3MVtNmPCmwFNxbKFp60DMQFRcgIl6JYvqF31HP7F94M"}
I, [2016-08-25T17:31:22.981085 #91911]  INFO -- : get request by http://192.168.28.218/api/mobile/v1/articles/list?sort=1&page=1.
I, [2016-08-25T17:31:22.981112 #91911]  INFO -- : request data -->> {"sort"=>"1", "page"=>"1"}.
I, [2016-08-25T17:31:23.304676 #91911]  INFO -- : get by /api/mobile/v1/articles/list successfully!
I, [2016-08-25T17:31:23.306525 #91911]  INFO -- : header: {"Connection"=>"Keep-Alive", "Content-Type"=>"application/json; charset=utf-8", "User-Agent"=>"Dalvik/2.1.0 (Linux; U; Android 6.0; MI 5 MIUI/V7.5.6.0.MAACNDE)", "Device-Info"=>"appVersion=1.1.0;systemType=Andriod;systemInfo=5.1;deviceModel=m2 note", "Sign"=>"2aed09c0c6af187e4366af762fdaefca", "Authorization"=>"Token token=eyJ0eXAiOiJKV1QiLCJhbGciOiJIUzI1NiJ9.eyJpZCI6NywidXNlcl9uYW1lIjoiaXJvbmhpZGUiLCJleHAiOjE0NzQ3MDk0Nzl9.3MVtNmPCmwFNxbKFp60DMQFRcgIl6JYvqF31HP7F94M"}
I, [2016-08-25T17:31:23.306571 #91911]  INFO -- : get request by http://192.168.28.218/api/mobile/v1/articles/list?sort=2&page=1.
I, [2016-08-25T17:31:23.306593 #91911]  INFO -- : request data -->> {"sort"=>"2", "page"=>"1"}.
I, [2016-08-25T17:31:23.619860 #91911]  INFO -- : get by /api/mobile/v1/articles/list successfully!
I, [2016-08-25T17:31:23.621215 #91911]  INFO -- : [IH002] - [Passed], write result to >> /Users/frankwu/Desktop/cr_1234_20160825173123_IH002.xml
I, [2016-08-25T17:31:23.622033 #91911]  INFO -- : write script state for [articles_list] to >> /Users/frankwu/Desktop/sr_1234_20160825173123_articles_list.xml
I, [2016-08-25T17:32:57.222245 #91959]  INFO -- : header: {"Connection"=>"Keep-Alive", "Content-Type"=>"application/json; charset=utf-8", "User-Agent"=>"Dalvik/2.1.0 (Linux; U; Android 6.0; MI 5 MIUI/V7.5.6.0.MAACNDE)", "Device-Info"=>"appVersion=1.1.0;systemType=Andriod;systemInfo=5.1;deviceModel=m2 note", "Sign"=>"f2e16be000e8bb692507042a0c2464b4"}
I, [2016-08-25T17:32:57.222293 #91959]  INFO -- : get request by http://192.168.28.218/api/mobile/v1/articles/list?sort=0&page=1.
I, [2016-08-25T17:32:57.222315 #91959]  INFO -- : request data -->> {"sort"=>"0", "page"=>"1"}.
I, [2016-08-25T17:32:59.288021 #91959]  INFO -- : get by /api/mobile/v1/articles/list successfully!
I, [2016-08-25T17:32:59.290507 #91959]  INFO -- : [IH001] - [Passed], write result to >> /Users/frankwu/Desktop/cr_1234_20160825173259_IH001.xml
I, [2016-08-25T17:33:02.593439 #91959]  INFO -- : header: {"Connection"=>"Keep-Alive", "Content-Type"=>"application/json; charset=utf-8", "User-Agent"=>"Dalvik/2.1.0 (Linux; U; Android 6.0; MI 5 MIUI/V7.5.6.0.MAACNDE)", "Device-Info"=>"appVersion=1.1.0;systemType=Andriod;systemInfo=5.1;deviceModel=m2 note", "Sign"=>"6fd3922e2af8e8b5478ca377ff2853af", "Authorization"=>"Token token=eyJ0eXAiOiJKV1QiLCJhbGciOiJIUzI1NiJ9.eyJpZCI6NywidXNlcl9uYW1lIjoiaXJvbmhpZGUiLCJleHAiOjE0NzQ3MDk1Nzh9.WNtaw8ILCnhbhgsRRWl9LdvabaXf3T9ls9MCp08A0Wg"}
I, [2016-08-25T17:33:02.593532 #91959]  INFO -- : get request by http://192.168.28.218/api/mobile/v1/articles/list?sort=0&page=1.
I, [2016-08-25T17:33:02.593595 #91959]  INFO -- : request data -->> {"sort"=>"0", "page"=>"1"}.
I, [2016-08-25T17:33:02.944052 #91959]  INFO -- : get by /api/mobile/v1/articles/list successfully!
I, [2016-08-25T17:33:02.944866 #91959]  INFO -- : header: {"Connection"=>"Keep-Alive", "Content-Type"=>"application/json; charset=utf-8", "User-Agent"=>"Dalvik/2.1.0 (Linux; U; Android 6.0; MI 5 MIUI/V7.5.6.0.MAACNDE)", "Device-Info"=>"appVersion=1.1.0;systemType=Andriod;systemInfo=5.1;deviceModel=m2 note", "Sign"=>"492bc3b7219feb9ecc12d5f10236e0fd", "Authorization"=>"Token token=eyJ0eXAiOiJKV1QiLCJhbGciOiJIUzI1NiJ9.eyJpZCI6NywidXNlcl9uYW1lIjoiaXJvbmhpZGUiLCJleHAiOjE0NzQ3MDk1Nzh9.WNtaw8ILCnhbhgsRRWl9LdvabaXf3T9ls9MCp08A0Wg"}
I, [2016-08-25T17:33:02.944910 #91959]  INFO -- : get request by http://192.168.28.218/api/mobile/v1/articles/list?sort=1&page=1.
I, [2016-08-25T17:33:02.944944 #91959]  INFO -- : request data -->> {"sort"=>"1", "page"=>"1"}.
I, [2016-08-25T17:33:03.358046 #91959]  INFO -- : get by /api/mobile/v1/articles/list successfully!
I, [2016-08-25T17:33:03.360706 #91959]  INFO -- : header: {"Connection"=>"Keep-Alive", "Content-Type"=>"application/json; charset=utf-8", "User-Agent"=>"Dalvik/2.1.0 (Linux; U; Android 6.0; MI 5 MIUI/V7.5.6.0.MAACNDE)", "Device-Info"=>"appVersion=1.1.0;systemType=Andriod;systemInfo=5.1;deviceModel=m2 note", "Sign"=>"3996cf715f903eb545f4b1b5991d4b49", "Authorization"=>"Token token=eyJ0eXAiOiJKV1QiLCJhbGciOiJIUzI1NiJ9.eyJpZCI6NywidXNlcl9uYW1lIjoiaXJvbmhpZGUiLCJleHAiOjE0NzQ3MDk1Nzh9.WNtaw8ILCnhbhgsRRWl9LdvabaXf3T9ls9MCp08A0Wg"}
I, [2016-08-25T17:33:03.360794 #91959]  INFO -- : get request by http://192.168.28.218/api/mobile/v1/articles/list?sort=2&page=1.
I, [2016-08-25T17:33:03.360825 #91959]  INFO -- : request data -->> {"sort"=>"2", "page"=>"1"}.
I, [2016-08-25T17:33:03.656449 #91959]  INFO -- : get by /api/mobile/v1/articles/list successfully!
I, [2016-08-25T17:33:03.658508 #91959]  INFO -- : [IH002] - [Passed], write result to >> /Users/frankwu/Desktop/cr_1234_20160825173303_IH002.xml
I, [2016-08-25T17:33:03.659433 #91959]  INFO -- : write script state for [articles_list] to >> /Users/frankwu/Desktop/sr_1234_20160825173303_articles_list.xml
I, [2016-08-29T14:01:36.807433 #56326]  INFO -- : select * from users where mobile = '15982326275'
I, [2016-08-29T15:57:45.240785 #56548]  INFO -- : header: {"Connection"=>"Keep-Alive", "Content-Type"=>"application/json; charset=utf-8", "User-Agent"=>"Dalvik/2.1.0 (Linux; U; Android 6.0; MI 5 MIUI/V7.5.6.0.MAACNDE)", "Device-Info"=>"appVersion=1.1.0;systemType=Andriod;systemInfo=5.1;deviceModel=m2 note", "Sign"=>"c6eceb39f6aaa3e92e7ddcbe110970c0"}
I, [2016-08-29T15:57:45.240846 #56548]  INFO -- : get request by http://192.168.28.218/api/mobile/v1/settings/about_us.
I, [2016-08-29T15:57:45.240870 #56548]  INFO -- : request data -->> {}.
I, [2016-08-29T15:57:45.283144 #56548]  INFO -- : get by /api/mobile/v1/settings/about_us successfully!
I, [2016-08-29T15:57:45.285036 #56548]  INFO -- : [IH001] - [Passed], write result to >> /Users/frankwu/Desktop/cr_1234_20160829155745_IH001.xml
I, [2016-08-29T15:57:45.578986 #56548]  INFO -- : header: {"Connection"=>"Keep-Alive", "Content-Type"=>"application/json; charset=utf-8", "User-Agent"=>"Dalvik/2.1.0 (Linux; U; Android 6.0; MI 5 MIUI/V7.5.6.0.MAACNDE)", "Device-Info"=>"appVersion=1.1.0;systemType=Andriod;systemInfo=5.1;deviceModel=m2 note", "Sign"=>"b8672511e281a44786573e8b0c0ab5e7", "Authorization"=>"Token token=eyJ0eXAiOiJKV1QiLCJhbGciOiJIUzI1NiJ9.eyJpZCI6NywidXNlcl9uYW1lIjoiaXJvbmhpZGUiLCJleHAiOjE0NzUwNDk0NDB9.td014hZUizE7sU6jYrY44ZeZNzaDp9GJpB5DHYITOVE"}
I, [2016-08-29T15:57:45.579116 #56548]  INFO -- : get request by http://192.168.28.218/api/mobile/v1/settings/about_us.
I, [2016-08-29T15:57:45.579192 #56548]  INFO -- : request data -->> {}.
I, [2016-08-29T15:57:45.670070 #56548]  INFO -- : get by /api/mobile/v1/settings/about_us successfully!
I, [2016-08-29T15:57:45.670915 #56548]  INFO -- : [IH002] - [Passed], write result to >> /Users/frankwu/Desktop/cr_1234_20160829155745_IH002.xml
I, [2016-08-29T15:57:45.673000 #56548]  INFO -- : write script state for [about_us] to >> /Users/frankwu/Desktop/sr_1234_20160829155745_about_us.xml
I, [2016-08-29T16:01:30.591773 #56589]  INFO -- : header: {"Connection"=>"Keep-Alive", "Content-Type"=>"application/json; charset=utf-8", "User-Agent"=>"Dalvik/2.1.0 (Linux; U; Android 6.0; MI 5 MIUI/V7.5.6.0.MAACNDE)", "Device-Info"=>"appVersion=1.1.0;systemType=Andriod;systemInfo=5.1;deviceModel=m2 note", "Sign"=>"c6eceb39f6aaa3e92e7ddcbe110970c0"}
I, [2016-08-29T16:01:30.591824 #56589]  INFO -- : get request by http://192.168.28.218/api/mobile/v1/settings/about_us.
I, [2016-08-29T16:01:30.591853 #56589]  INFO -- : request data -->> {}.
I, [2016-08-29T16:01:30.616558 #56589]  INFO -- : get by /api/mobile/v1/settings/about_us successfully!
I, [2016-08-29T16:01:30.621780 #56589]  INFO -- : [IH001] - [Passed], write result to >> /Users/frankwu/Desktop/cr_1234_20160829160130_IH001.xml
I, [2016-08-29T16:01:30.826905 #56589]  INFO -- : header: {"Connection"=>"Keep-Alive", "Content-Type"=>"application/json; charset=utf-8", "User-Agent"=>"Dalvik/2.1.0 (Linux; U; Android 6.0; MI 5 MIUI/V7.5.6.0.MAACNDE)", "Device-Info"=>"appVersion=1.1.0;systemType=Andriod;systemInfo=5.1;deviceModel=m2 note", "Sign"=>"5003ac14dcbf8c29d37961c3fc6776f4", "Authorization"=>"Token token=eyJ0eXAiOiJKV1QiLCJhbGciOiJIUzI1NiJ9.eyJpZCI6NywidXNlcl9uYW1lIjoiaXJvbmhpZGUiLCJleHAiOjE0NzUwNDk2NjZ9.XMMeWXZJC4pYOxeTxpTwCzM02oEWSWi84LrH6QO_vHo"}
I, [2016-08-29T16:01:30.826995 #56589]  INFO -- : get request by http://192.168.28.218/api/mobile/v1/settings/about_us.
I, [2016-08-29T16:01:30.827074 #56589]  INFO -- : request data -->> {}.
I, [2016-08-29T16:01:30.847312 #56589]  INFO -- : get by /api/mobile/v1/settings/about_us successfully!
I, [2016-08-29T16:01:30.848365 #56589]  INFO -- : [IH002] - [Passed], write result to >> /Users/frankwu/Desktop/cr_1234_20160829160130_IH002.xml
I, [2016-08-29T16:01:30.849228 #56589]  INFO -- : write script state for [about_us] to >> /Users/frankwu/Desktop/sr_1234_20160829160130_about_us.xml
I, [2016-08-29T16:42:17.432626 #56780]  INFO -- : header: {"Connection"=>"Keep-Alive", "Content-Type"=>"application/json; charset=utf-8", "User-Agent"=>"Dalvik/2.1.0 (Linux; U; Android 6.0; MI 5 MIUI/V7.5.6.0.MAACNDE)", "Device-Info"=>"appVersion=1.1.0;systemType=Andriod;systemInfo=5.1;deviceModel=m2 note", "Sign"=>"f2e16be000e8bb692507042a0c2464b4"}
I, [2016-08-29T16:42:17.432745 #56780]  INFO -- : get request by http://192.168.28.218/api/mobile/v1/articles/list?sort=0&page=1.
I, [2016-08-29T16:42:17.432796 #56780]  INFO -- : request data -->> {"sort"=>"0", "page"=>"1"}.
I, [2016-08-29T16:42:17.634206 #56780]  INFO -- : get by /api/mobile/v1/articles/list successfully!
I, [2016-08-29T16:42:17.636264 #56780]  INFO -- : header: {"Connection"=>"Keep-Alive", "Content-Type"=>"application/json; charset=utf-8", "User-Agent"=>"Dalvik/2.1.0 (Linux; U; Android 6.0; MI 5 MIUI/V7.5.6.0.MAACNDE)", "Device-Info"=>"appVersion=1.1.0;systemType=Andriod;systemInfo=5.1;deviceModel=m2 note", "Sign"=>"593fe105cca18f0f442266ca217739c7"}
I, [2016-08-29T16:42:17.636351 #56780]  INFO -- : get request by http://192.168.28.218/api/mobile/v1/articles/list?sort=1&page=1.
I, [2016-08-29T16:42:17.636393 #56780]  INFO -- : request data -->> {"sort"=>"1", "page"=>"1"}.
I, [2016-08-29T16:42:17.876836 #56780]  INFO -- : get by /api/mobile/v1/articles/list successfully!
I, [2016-08-29T16:42:17.881848 #56780]  INFO -- : header: {"Connection"=>"Keep-Alive", "Content-Type"=>"application/json; charset=utf-8", "User-Agent"=>"Dalvik/2.1.0 (Linux; U; Android 6.0; MI 5 MIUI/V7.5.6.0.MAACNDE)", "Device-Info"=>"appVersion=1.1.0;systemType=Andriod;systemInfo=5.1;deviceModel=m2 note", "Sign"=>"1ea312cf552ebe937861aee9e030a641"}
I, [2016-08-29T16:42:17.881954 #56780]  INFO -- : get request by http://192.168.28.218/api/mobile/v1/articles/list?sort=2&page=1.
I, [2016-08-29T16:42:17.881997 #56780]  INFO -- : request data -->> {"sort"=>"2", "page"=>"1"}.
I, [2016-08-29T16:42:18.120631 #56780]  INFO -- : get by /api/mobile/v1/articles/list successfully!
I, [2016-08-29T16:42:18.122963 #56780]  INFO -- : [IH001] - [Passed], write result to >> /Users/frankwu/Desktop/cr_1234_20160829164218_IH001.xml
I, [2016-08-29T16:42:18.282051 #56780]  INFO -- : header: {"Connection"=>"Keep-Alive", "Content-Type"=>"application/json; charset=utf-8", "User-Agent"=>"Dalvik/2.1.0 (Linux; U; Android 6.0; MI 5 MIUI/V7.5.6.0.MAACNDE)", "Device-Info"=>"appVersion=1.1.0;systemType=Andriod;systemInfo=5.1;deviceModel=m2 note", "Sign"=>"c300587d8449bba2e02de74929c2fa17", "Authorization"=>"Token token=eyJ0eXAiOiJKV1QiLCJhbGciOiJIUzI1NiJ9.eyJpZCI6NywidXNlcl9uYW1lIjoiaXJvbmhpZGUiLCJleHAiOjE0NzUwNTIxMTN9.Q6I4iYspSLy5W7vkjyvVoHJhb7pTcyCHqlkBWgOms1Q"}
I, [2016-08-29T16:42:18.282111 #56780]  INFO -- : get request by http://192.168.28.218/api/mobile/v1/articles/list?sort=0&page=1.
I, [2016-08-29T16:42:18.282143 #56780]  INFO -- : request data -->> {"sort"=>"0", "page"=>"1"}.
I, [2016-08-29T16:42:18.523367 #56780]  INFO -- : get by /api/mobile/v1/articles/list successfully!
I, [2016-08-29T16:42:18.523998 #56780]  INFO -- : header: {"Connection"=>"Keep-Alive", "Content-Type"=>"application/json; charset=utf-8", "User-Agent"=>"Dalvik/2.1.0 (Linux; U; Android 6.0; MI 5 MIUI/V7.5.6.0.MAACNDE)", "Device-Info"=>"appVersion=1.1.0;systemType=Andriod;systemInfo=5.1;deviceModel=m2 note", "Sign"=>"52803a56532d6172b92e48226ce9f174", "Authorization"=>"Token token=eyJ0eXAiOiJKV1QiLCJhbGciOiJIUzI1NiJ9.eyJpZCI6NywidXNlcl9uYW1lIjoiaXJvbmhpZGUiLCJleHAiOjE0NzUwNTIxMTN9.Q6I4iYspSLy5W7vkjyvVoHJhb7pTcyCHqlkBWgOms1Q"}
I, [2016-08-29T16:42:18.524032 #56780]  INFO -- : get request by http://192.168.28.218/api/mobile/v1/articles/list?sort=1&page=1.
I, [2016-08-29T16:42:18.524058 #56780]  INFO -- : request data -->> {"sort"=>"1", "page"=>"1"}.
I, [2016-08-29T16:42:18.796271 #56780]  INFO -- : get by /api/mobile/v1/articles/list successfully!
I, [2016-08-29T16:42:18.797462 #56780]  INFO -- : header: {"Connection"=>"Keep-Alive", "Content-Type"=>"application/json; charset=utf-8", "User-Agent"=>"Dalvik/2.1.0 (Linux; U; Android 6.0; MI 5 MIUI/V7.5.6.0.MAACNDE)", "Device-Info"=>"appVersion=1.1.0;systemType=Andriod;systemInfo=5.1;deviceModel=m2 note", "Sign"=>"791da68f3485351ebcf31029f837e4c4", "Authorization"=>"Token token=eyJ0eXAiOiJKV1QiLCJhbGciOiJIUzI1NiJ9.eyJpZCI6NywidXNlcl9uYW1lIjoiaXJvbmhpZGUiLCJleHAiOjE0NzUwNTIxMTN9.Q6I4iYspSLy5W7vkjyvVoHJhb7pTcyCHqlkBWgOms1Q"}
I, [2016-08-29T16:42:18.797528 #56780]  INFO -- : get request by http://192.168.28.218/api/mobile/v1/articles/list?sort=2&page=1.
I, [2016-08-29T16:42:18.797573 #56780]  INFO -- : request data -->> {"sort"=>"2", "page"=>"1"}.
I, [2016-08-29T16:42:19.099562 #56780]  INFO -- : get by /api/mobile/v1/articles/list successfully!
I, [2016-08-29T16:42:19.101532 #56780]  INFO -- : [IH002] - [Passed], write result to >> /Users/frankwu/Desktop/cr_1234_20160829164219_IH002.xml
I, [2016-08-29T16:42:19.102381 #56780]  INFO -- : write script state for [articles_list] to >> /Users/frankwu/Desktop/sr_1234_20160829164219_articles_list.xml
I, [2016-08-29T16:44:02.110977 #56813]  INFO -- : header: {"Connection"=>"Keep-Alive", "Content-Type"=>"application/json; charset=utf-8", "User-Agent"=>"Dalvik/2.1.0 (Linux; U; Android 6.0; MI 5 MIUI/V7.5.6.0.MAACNDE)", "Device-Info"=>"appVersion=1.1.0;systemType=Andriod;systemInfo=5.1;deviceModel=m2 note", "Sign"=>"f2e16be000e8bb692507042a0c2464b4"}
I, [2016-08-29T16:44:02.111031 #56813]  INFO -- : get request by http://192.168.28.218/api/mobile/v1/articles/list?sort=0&page=1.
I, [2016-08-29T16:44:02.111057 #56813]  INFO -- : request data -->> {"sort"=>"0", "page"=>"1"}.
I, [2016-08-29T16:44:02.381012 #56813]  INFO -- : get by /api/mobile/v1/articles/list successfully!
I, [2016-08-29T16:44:02.474280 #56813]  INFO -- : [IH001] - [Failed], write result to >> /Users/frankwu/Desktop/cr_1234_20160829164402_IH001.xml
I, [2016-08-29T16:44:02.474400 #56813]  INFO -- : ##################################################################
I, [2016-08-29T16:44:02.474445 #56813]  INFO -- :  -- expected: truthy value
     got: false
11----->        case  #{test_data[ request ][ sort ]} 
12----->        when  0 
13----->          response[ data ][ list ].each_with_index {|list,index| expect(response[ data ][ list ][index-1][ created_at ]&gt;=list[ created_at ]).to be_truthy if index&gt;0}
14----->        when  1 
15----->          response[ data ][ list ].each_with_index {|list,index| expect(response[ data ][ list ][index-1][ vote_count ]&gt;=list[ vote_count ]).to be_truthy if index&gt;0}
./interfaces/articles_list/action1.rb:13:in `block (3 levels) in action_1'
./interfaces/articles_list/action1.rb:13:in `each'
./interfaces/articles_list/action1.rb:13:in `each_with_index'
./interfaces/articles_list/action1.rb:13:in `block (2 levels) in action_1'
./interfaces/articles_list/action1.rb:6:in `each'
./interfaces/articles_list/action1.rb:6:in `block in action_1'
I, [2016-08-29T16:44:02.474476 #56813]  INFO -- : ##################################################################
I, [2016-08-29T16:44:02.752673 #56813]  INFO -- : header: {"Connection"=>"Keep-Alive", "Content-Type"=>"application/json; charset=utf-8", "User-Agent"=>"Dalvik/2.1.0 (Linux; U; Android 6.0; MI 5 MIUI/V7.5.6.0.MAACNDE)", "Device-Info"=>"appVersion=1.1.0;systemType=Andriod;systemInfo=5.1;deviceModel=m2 note", "Sign"=>"227c58531dbe5c41b23b67c322caf480", "Authorization"=>"Token token=eyJ0eXAiOiJKV1QiLCJhbGciOiJIUzI1NiJ9.eyJpZCI6NywidXNlcl9uYW1lIjoiaXJvbmhpZGUiLCJleHAiOjE0NzUwNTIyMTd9.QIWm633sanWsi8yQVcmyOmd3VvMfto9IZ0uSDRUrbB0"}
I, [2016-08-29T16:44:02.752823 #56813]  INFO -- : get request by http://192.168.28.218/api/mobile/v1/articles/list?sort=0&page=1.
I, [2016-08-29T16:44:02.752874 #56813]  INFO -- : request data -->> {"sort"=>"0", "page"=>"1"}.
I, [2016-08-29T16:44:02.974816 #56813]  INFO -- : get by /api/mobile/v1/articles/list successfully!
I, [2016-08-29T16:44:02.979761 #56813]  INFO -- : [IH002] - [Failed], write result to >> /Users/frankwu/Desktop/cr_1234_20160829164402_IH002.xml
I, [2016-08-29T16:44:02.979839 #56813]  INFO -- : ##################################################################
I, [2016-08-29T16:44:02.979896 #56813]  INFO -- :  -- expected: truthy value
     got: false
29----->        case  #{test_data[ request ][ sort ]} 
30----->        when  0 
31----->          response[ data ][ list ].each_with_index {|list,index| expect(response[ data ][ list ][index-1][ created_at ]&gt;=list[ created_at ]).to be_truthy if index&gt;0}
32----->        when  1 
33----->          response[ data ][ list ].each_with_index {|list,index| expect(response[ data ][ list ][index-1][ vote_count ]&gt;=list[ vote_count ]).to be_truthy if index&gt;0}
./interfaces/articles_list/action1.rb:31:in `block (3 levels) in action_1'
./interfaces/articles_list/action1.rb:31:in `each'
./interfaces/articles_list/action1.rb:31:in `each_with_index'
./interfaces/articles_list/action1.rb:31:in `block (2 levels) in action_1'
./interfaces/articles_list/action1.rb:24:in `each'
./interfaces/articles_list/action1.rb:24:in `block in action_1'
I, [2016-08-29T16:44:02.979940 #56813]  INFO -- : ##################################################################
I, [2016-08-29T16:44:02.985058 #56813]  INFO -- : write script state for [articles_list] to >> /Users/frankwu/Desktop/sr_1234_20160829164402_articles_list.xml
I, [2016-08-29T16:44:47.281814 #56826]  INFO -- : header: {"Connection"=>"Keep-Alive", "Content-Type"=>"application/json; charset=utf-8", "User-Agent"=>"Dalvik/2.1.0 (Linux; U; Android 6.0; MI 5 MIUI/V7.5.6.0.MAACNDE)", "Device-Info"=>"appVersion=1.1.0;systemType=Andriod;systemInfo=5.1;deviceModel=m2 note", "Sign"=>"f2e16be000e8bb692507042a0c2464b4"}
I, [2016-08-29T16:44:47.281913 #56826]  INFO -- : get request by http://192.168.28.218/api/mobile/v1/articles/list?sort=0&page=1.
I, [2016-08-29T16:44:47.281973 #56826]  INFO -- : request data -->> {"sort"=>"0", "page"=>"1"}.
I, [2016-08-29T16:44:47.499152 #56826]  INFO -- : get by /api/mobile/v1/articles/list successfully!
I, [2016-08-29T16:44:47.565373 #56826]  INFO -- : [IH001] - [Failed], write result to >> /Users/frankwu/Desktop/cr_1234_20160829164447_IH001.xml
I, [2016-08-29T16:44:47.565427 #56826]  INFO -- : ##################################################################
I, [2016-08-29T16:44:47.565451 #56826]  INFO -- :  -- expected: truthy value
     got: false
11----->        case  #{test_data[ request ][ sort ]} 
12----->        when  0 
13----->          response[ data ][ list ].each_with_index {|list,index| expect(response[ data ][ list ][index-1][ created_at ]&gt;=list[ created_at ]).to be_truthy if index&gt;0}
14----->        when  1 
15----->          response[ data ][ list ].each_with_index {|list,index| expect(response[ data ][ list ][index-1][ vote_count ]&gt;=list[ vote_count ]).to be_truthy if index&gt;0}
./interfaces/articles_list/action1.rb:13:in `block (3 levels) in action_1'
./interfaces/articles_list/action1.rb:13:in `each'
./interfaces/articles_list/action1.rb:13:in `each_with_index'
./interfaces/articles_list/action1.rb:13:in `block (2 levels) in action_1'
./interfaces/articles_list/action1.rb:6:in `each'
./interfaces/articles_list/action1.rb:6:in `block in action_1'
I, [2016-08-29T16:44:47.565471 #56826]  INFO -- : ##################################################################
I, [2016-08-29T16:44:47.615147 #56826]  INFO -- : write script state for [articles_list] to >> /Users/frankwu/Desktop/sr_1234_20160829164447_articles_list.xml
I, [2016-08-29T16:46:49.057965 #56852]  INFO -- : header: {"Connection"=>"Keep-Alive", "Content-Type"=>"application/json; charset=utf-8", "User-Agent"=>"Dalvik/2.1.0 (Linux; U; Android 6.0; MI 5 MIUI/V7.5.6.0.MAACNDE)", "Device-Info"=>"appVersion=1.1.0;systemType=Andriod;systemInfo=5.1;deviceModel=m2 note", "Sign"=>"f2e16be000e8bb692507042a0c2464b4"}
I, [2016-08-29T16:46:49.058034 #56852]  INFO -- : get request by http://192.168.28.218/api/mobile/v1/articles/list?sort=0&page=1.
I, [2016-08-29T16:46:49.058073 #56852]  INFO -- : request data -->> {"sort"=>"0", "page"=>"1"}.
I, [2016-08-29T16:46:49.388093 #56852]  INFO -- : get by /api/mobile/v1/articles/list successfully!
I, [2016-08-29T16:46:49.389171 #56852]  INFO -- : header: {"Connection"=>"Keep-Alive", "Content-Type"=>"application/json; charset=utf-8", "User-Agent"=>"Dalvik/2.1.0 (Linux; U; Android 6.0; MI 5 MIUI/V7.5.6.0.MAACNDE)", "Device-Info"=>"appVersion=1.1.0;systemType=Andriod;systemInfo=5.1;deviceModel=m2 note", "Sign"=>"593fe105cca18f0f442266ca217739c7"}
I, [2016-08-29T16:46:49.389245 #56852]  INFO -- : get request by http://192.168.28.218/api/mobile/v1/articles/list?sort=1&page=1.
I, [2016-08-29T16:46:49.389299 #56852]  INFO -- : request data -->> {"sort"=>"1", "page"=>"1"}.
I, [2016-08-29T16:46:49.892023 #56852]  INFO -- : get by /api/mobile/v1/articles/list successfully!
I, [2016-08-29T16:46:49.894173 #56852]  INFO -- : header: {"Connection"=>"Keep-Alive", "Content-Type"=>"application/json; charset=utf-8", "User-Agent"=>"Dalvik/2.1.0 (Linux; U; Android 6.0; MI 5 MIUI/V7.5.6.0.MAACNDE)", "Device-Info"=>"appVersion=1.1.0;systemType=Andriod;systemInfo=5.1;deviceModel=m2 note", "Sign"=>"1ea312cf552ebe937861aee9e030a641"}
I, [2016-08-29T16:46:49.894242 #56852]  INFO -- : get request by http://192.168.28.218/api/mobile/v1/articles/list?sort=2&page=1.
I, [2016-08-29T16:46:49.894289 #56852]  INFO -- : request data -->> {"sort"=>"2", "page"=>"1"}.
I, [2016-08-29T16:46:50.211233 #56852]  INFO -- : get by /api/mobile/v1/articles/list successfully!
I, [2016-08-29T16:46:50.212630 #56852]  INFO -- : [IH001] - [Passed], write result to >> /Users/frankwu/Desktop/cr_1234_20160829164650_IH001.xml
I, [2016-08-29T16:46:50.457595 #56852]  INFO -- : header: {"Connection"=>"Keep-Alive", "Content-Type"=>"application/json; charset=utf-8", "User-Agent"=>"Dalvik/2.1.0 (Linux; U; Android 6.0; MI 5 MIUI/V7.5.6.0.MAACNDE)", "Device-Info"=>"appVersion=1.1.0;systemType=Andriod;systemInfo=5.1;deviceModel=m2 note", "Sign"=>"d09f01d1d180199316b3915f8c9fb36d", "Authorization"=>"Token token=eyJ0eXAiOiJKV1QiLCJhbGciOiJIUzI1NiJ9.eyJpZCI6NywidXNlcl9uYW1lIjoiaXJvbmhpZGUiLCJleHAiOjE0NzUwNTIzODV9.YOBkyzYeuDaauyJWsY_OOzbOPxbhJJJyoDha0MW4lMQ"}
I, [2016-08-29T16:46:50.457703 #56852]  INFO -- : get request by http://192.168.28.218/api/mobile/v1/articles/list?sort=0&page=1.
I, [2016-08-29T16:46:50.457761 #56852]  INFO -- : request data -->> {"sort"=>"0", "page"=>"1"}.
I, [2016-08-29T16:46:50.680175 #56852]  INFO -- : get by /api/mobile/v1/articles/list successfully!
I, [2016-08-29T16:46:50.680624 #56852]  INFO -- : header: {"Connection"=>"Keep-Alive", "Content-Type"=>"application/json; charset=utf-8", "User-Agent"=>"Dalvik/2.1.0 (Linux; U; Android 6.0; MI 5 MIUI/V7.5.6.0.MAACNDE)", "Device-Info"=>"appVersion=1.1.0;systemType=Andriod;systemInfo=5.1;deviceModel=m2 note", "Sign"=>"ed52ed7738794ead67de26fddc33bd7b", "Authorization"=>"Token token=eyJ0eXAiOiJKV1QiLCJhbGciOiJIUzI1NiJ9.eyJpZCI6NywidXNlcl9uYW1lIjoiaXJvbmhpZGUiLCJleHAiOjE0NzUwNTIzODV9.YOBkyzYeuDaauyJWsY_OOzbOPxbhJJJyoDha0MW4lMQ"}
I, [2016-08-29T16:46:50.680675 #56852]  INFO -- : get request by http://192.168.28.218/api/mobile/v1/articles/list?sort=1&page=1.
I, [2016-08-29T16:46:50.680719 #56852]  INFO -- : request data -->> {"sort"=>"1", "page"=>"1"}.
I, [2016-08-29T16:46:51.030342 #56852]  INFO -- : get by /api/mobile/v1/articles/list successfully!
I, [2016-08-29T16:46:51.030699 #56852]  INFO -- : header: {"Connection"=>"Keep-Alive", "Content-Type"=>"application/json; charset=utf-8", "User-Agent"=>"Dalvik/2.1.0 (Linux; U; Android 6.0; MI 5 MIUI/V7.5.6.0.MAACNDE)", "Device-Info"=>"appVersion=1.1.0;systemType=Andriod;systemInfo=5.1;deviceModel=m2 note", "Sign"=>"eac353f7b038c203667991cab01995ff", "Authorization"=>"Token token=eyJ0eXAiOiJKV1QiLCJhbGciOiJIUzI1NiJ9.eyJpZCI6NywidXNlcl9uYW1lIjoiaXJvbmhpZGUiLCJleHAiOjE0NzUwNTIzODV9.YOBkyzYeuDaauyJWsY_OOzbOPxbhJJJyoDha0MW4lMQ"}
I, [2016-08-29T16:46:51.030733 #56852]  INFO -- : get request by http://192.168.28.218/api/mobile/v1/articles/list?sort=2&page=1.
I, [2016-08-29T16:46:51.030757 #56852]  INFO -- : request data -->> {"sort"=>"2", "page"=>"1"}.
I, [2016-08-29T16:46:51.440893 #56852]  INFO -- : get by /api/mobile/v1/articles/list successfully!
I, [2016-08-29T16:46:51.442502 #56852]  INFO -- : [IH002] - [Passed], write result to >> /Users/frankwu/Desktop/cr_1234_20160829164651_IH002.xml
I, [2016-08-29T16:46:51.443675 #56852]  INFO -- : write script state for [articles_list] to >> /Users/frankwu/Desktop/sr_1234_20160829164651_articles_list.xml
I, [2016-08-29T16:47:51.832833 #56859]  INFO -- : header: {"Connection"=>"Keep-Alive", "Content-Type"=>"application/json; charset=utf-8", "User-Agent"=>"Dalvik/2.1.0 (Linux; U; Android 6.0; MI 5 MIUI/V7.5.6.0.MAACNDE)", "Device-Info"=>"appVersion=1.1.0;systemType=Andriod;systemInfo=5.1;deviceModel=m2 note", "Sign"=>"c6eceb39f6aaa3e92e7ddcbe110970c0"}
I, [2016-08-29T16:47:51.832941 #56859]  INFO -- : get request by http://192.168.28.218/api/mobile/v1/settings/about_us.
I, [2016-08-29T16:47:51.833029 #56859]  INFO -- : request data -->> {}.
I, [2016-08-29T16:47:51.870090 #56859]  INFO -- : get by /api/mobile/v1/settings/about_us successfully!
I, [2016-08-29T16:47:51.872128 #56859]  INFO -- : [IH001] - [Passed], write result to >> /Users/frankwu/Desktop/cr_1234_20160829164751_IH001.xml
I, [2016-08-29T16:47:52.037400 #56859]  INFO -- : header: {"Connection"=>"Keep-Alive", "Content-Type"=>"application/json; charset=utf-8", "User-Agent"=>"Dalvik/2.1.0 (Linux; U; Android 6.0; MI 5 MIUI/V7.5.6.0.MAACNDE)", "Device-Info"=>"appVersion=1.1.0;systemType=Andriod;systemInfo=5.1;deviceModel=m2 note", "Sign"=>"6d3a8259225f1e02f1ca543ca83b4b31", "Authorization"=>"Token token=eyJ0eXAiOiJKV1QiLCJhbGciOiJIUzI1NiJ9.eyJpZCI6NywidXNlcl9uYW1lIjoiaXJvbmhpZGUiLCJleHAiOjE0NzUwNTI0NDd9.SgYLrIeT-Cc5dhv_hNwJ6ckH-MFBKeo_L6kyGsn7O38"}
I, [2016-08-29T16:47:52.037532 #56859]  INFO -- : get request by http://192.168.28.218/api/mobile/v1/settings/about_us.
I, [2016-08-29T16:47:52.037599 #56859]  INFO -- : request data -->> {}.
I, [2016-08-29T16:47:52.056959 #56859]  INFO -- : get by /api/mobile/v1/settings/about_us successfully!
I, [2016-08-29T16:47:52.058167 #56859]  INFO -- : [IH002] - [Passed], write result to >> /Users/frankwu/Desktop/cr_1234_20160829164752_IH002.xml
I, [2016-08-29T16:47:52.059839 #56859]  INFO -- : write script state for [about_us] to >> /Users/frankwu/Desktop/sr_1234_20160829164752_about_us.xml
